2025-02-27 14:55:37,910 - my_module - INFO - /items/{24}
2025-02-27 14:55:37,991 - my_module - INFO - /items/{24}
2025-02-27 14:55:39,398 - my_module - INFO - /items/{24}
2025-02-27 14:57:36,683 - my_module - INFO - / reached
2025-02-27 14:57:36,683 - my_module - DEBUG - hello
2025-02-27 14:57:36,683 - my_module - ERROR - err
2025-02-27 15:06:41,543 - my_module - INFO - / reached [main.py:13]
2025-02-27 15:06:41,543 - my_module - DEBUG - hello [main.py:14]
2025-02-27 15:06:41,543 - my_module - ERROR - err [main.py:15]
2025-02-27 15:06:52,840 - my_module - INFO - / reached [main.py:13]
2025-02-27 15:06:52,840 - my_module - DEBUG - hello [main.py:14]
2025-02-27 15:06:52,840 - my_module - ERROR - err [main.py:15]
2025-02-27 15:06:56,104 - my_module - INFO - / reached [main.py:13]
2025-02-27 15:06:56,104 - my_module - DEBUG - hello [main.py:14]
2025-02-27 15:06:56,104 - my_module - ERROR - err [main.py:15]
2025-02-27 15:09:39,686 - INFO - [main.py:13] - / reached
2025-02-27 15:09:39,686 - DEBUG - [main.py:14] - hello
2025-02-27 15:09:39,686 - ERROR - [main.py:15] - err
2025-02-27 15:09:54,372 - INFO - [main.py:13] - / reached
2025-02-27 15:09:54,372 - DEBUG - [main.py:14] - hello
2025-02-27 15:09:54,372 - ERROR - [main.py:15] - err
2025-04-20 15:10:49,461 - INFO - [main.py:20] - /items/{2}
2025-04-20 15:10:50,417 - INFO - [main.py:20] - /items/{2}
2025-04-20 15:47:45,886 - INFO - [main.py:26] - id: {id}
2025-04-20 15:47:45,896 - INFO - [base.py:1843] - SELECT DATABASE()
2025-04-20 15:47:45,896 - INFO - [base.py:1843] - [raw sql] {}
2025-04-20 15:47:45,897 - INFO - [base.py:1843] - SELECT @@sql_mode
2025-04-20 15:47:45,897 - INFO - [base.py:1843] - [raw sql] {}
2025-04-20 15:47:45,897 - INFO - [base.py:1843] - SELECT @@lower_case_table_names
2025-04-20 15:47:45,897 - INFO - [base.py:1843] - [raw sql] {}
2025-04-20 15:47:45,898 - INFO - [base.py:2699] - BEGIN (implicit)
2025-04-20 15:47:45,900 - INFO - [base.py:1843] - SELECT users.id AS users_id, users.name AS users_name, users.email AS users_email 
FROM users 
WHERE users.id = %(pk_1)s
2025-04-20 15:47:45,900 - INFO - [base.py:1843] - [generated in 0.00017s] {'pk_1': 3}
2025-04-20 15:47:45,901 - INFO - [base.py:2702] - ROLLBACK
2025-04-20 15:47:57,287 - INFO - [main.py:26] - id: {id}
2025-04-20 15:47:57,288 - INFO - [base.py:2699] - BEGIN (implicit)
2025-04-20 15:47:57,289 - INFO - [base.py:1843] - SELECT users.id AS users_id, users.name AS users_name, users.email AS users_email 
FROM users 
WHERE users.id = %(pk_1)s
2025-04-20 15:47:57,289 - INFO - [base.py:1843] - [cached since 11.39s ago] {'pk_1': 4}
2025-04-20 15:47:57,289 - INFO - [base.py:2702] - ROLLBACK
2025-04-20 15:48:02,985 - INFO - [main.py:26] - id: {id}
2025-04-20 15:48:02,986 - INFO - [base.py:2699] - BEGIN (implicit)
2025-04-20 15:48:02,993 - INFO - [base.py:1843] - SELECT users.id AS users_id, users.name AS users_name, users.email AS users_email 
FROM users 
WHERE users.id = %(pk_1)s
2025-04-20 15:48:02,993 - INFO - [base.py:1843] - [cached since 17.09s ago] {'pk_1': 5}
2025-04-20 15:48:02,998 - INFO - [base.py:2702] - ROLLBACK
2025-04-20 16:35:21,903 - INFO - [main.py:26] - id: {id}
2025-04-20 16:36:52,716 - INFO - [main.py:26] - id: {id}
2025-04-20 16:37:18,870 - INFO - [main.py:26] - id: {id}
2025-04-20 16:37:18,880 - INFO - [base.py:1843] - SELECT DATABASE()
2025-04-20 16:37:18,880 - INFO - [base.py:1843] - [raw sql] {}
2025-04-20 16:37:18,881 - INFO - [base.py:1843] - SELECT @@sql_mode
2025-04-20 16:37:18,881 - INFO - [base.py:1843] - [raw sql] {}
2025-04-20 16:37:18,881 - INFO - [base.py:1843] - SELECT @@lower_case_table_names
2025-04-20 16:37:18,881 - INFO - [base.py:1843] - [raw sql] {}
2025-04-20 16:37:18,882 - INFO - [base.py:2699] - BEGIN (implicit)
2025-04-20 16:37:18,884 - INFO - [base.py:1843] - SELECT users.id AS users_id, users.name AS users_name, users.email AS users_email 
FROM users 
WHERE users.id = %(pk_1)s
2025-04-20 16:37:18,884 - INFO - [base.py:1843] - [generated in 0.00017s] {'pk_1': 5}
2025-04-20 16:37:18,885 - INFO - [base.py:2702] - ROLLBACK
2025-04-20 16:37:21,820 - INFO - [main.py:26] - id: {id}
2025-04-20 16:37:21,826 - INFO - [base.py:2699] - BEGIN (implicit)
2025-04-20 16:37:21,829 - INFO - [base.py:1843] - SELECT users.id AS users_id, users.name AS users_name, users.email AS users_email 
FROM users 
WHERE users.id = %(pk_1)s
2025-04-20 16:37:21,829 - INFO - [base.py:1843] - [cached since 2.945s ago] {'pk_1': 5}
2025-04-20 16:37:21,830 - INFO - [base.py:2702] - ROLLBACK
2025-04-20 16:46:06,459 - INFO - [main.py:31] - adding user: {name}, {email}
2025-04-20 16:46:06,459 - INFO - [main.py:31] - adding user: {name}, {email}
2025-04-20 16:46:06,459 - INFO - [main.py:31] - adding user: {name}, {email}
2025-04-20 16:46:06,459 - INFO - [main.py:31] - adding user: {name}, {email}
2025-04-20 16:46:06,460 - INFO - [main.py:31] - adding user: {name}, {email}
2025-04-20 16:46:06,460 - INFO - [main.py:31] - adding user: {name}, {email}
2025-04-20 16:46:06,460 - INFO - [main.py:31] - adding user: {name}, {email}
2025-04-20 16:46:06,460 - INFO - [main.py:31] - adding user: {name}, {email}
2025-04-20 16:46:06,460 - INFO - [main.py:31] - adding user: {name}, {email}
2025-04-20 16:46:06,460 - INFO - [main.py:31] - adding user: {name}, {email}
2025-04-20 16:46:06,460 - INFO - [main.py:31] - adding user: {name}, {email}
2025-04-20 16:46:06,460 - INFO - [main.py:31] - adding user: {name}, {email}
2025-04-20 16:46:06,460 - INFO - [main.py:31] - adding user: {name}, {email}
2025-04-20 16:46:06,460 - INFO - [main.py:31] - adding user: {name}, {email}
2025-04-20 16:46:06,460 - INFO - [main.py:31] - adding user: {name}, {email}
2025-04-20 16:46:06,460 - INFO - [main.py:31] - adding user: {name}, {email}
2025-04-20 16:46:06,460 - INFO - [main.py:31] - adding user: {name}, {email}
2025-04-20 16:46:06,461 - INFO - [main.py:31] - adding user: {name}, {email}
2025-04-20 16:46:06,461 - INFO - [main.py:31] - adding user: {name}, {email}
2025-04-20 16:46:06,461 - INFO - [main.py:31] - adding user: {name}, {email}
2025-04-20 16:46:06,461 - INFO - [main.py:31] - adding user: {name}, {email}
2025-04-20 16:46:06,461 - INFO - [main.py:31] - adding user: {name}, {email}
2025-04-20 16:46:06,461 - INFO - [main.py:31] - adding user: {name}, {email}
2025-04-20 16:46:06,461 - INFO - [main.py:31] - adding user: {name}, {email}
2025-04-20 16:46:06,461 - INFO - [main.py:31] - adding user: {name}, {email}
2025-04-20 16:46:06,461 - INFO - [main.py:31] - adding user: {name}, {email}
2025-04-20 16:46:06,461 - INFO - [main.py:31] - adding user: {name}, {email}
2025-04-20 16:46:06,461 - INFO - [main.py:31] - adding user: {name}, {email}
2025-04-20 16:46:06,461 - INFO - [main.py:31] - adding user: {name}, {email}
2025-04-20 16:46:06,461 - INFO - [main.py:31] - adding user: {name}, {email}
2025-04-20 16:46:06,461 - INFO - [main.py:31] - adding user: {name}, {email}
2025-04-20 16:46:06,461 - INFO - [main.py:31] - adding user: {name}, {email}
2025-04-20 16:46:06,461 - INFO - [main.py:31] - adding user: {name}, {email}
2025-04-20 16:46:06,462 - INFO - [main.py:31] - adding user: {name}, {email}
2025-04-20 16:46:06,462 - INFO - [main.py:31] - adding user: {name}, {email}
2025-04-20 16:46:06,462 - INFO - [main.py:31] - adding user: {name}, {email}
2025-04-20 16:46:06,462 - INFO - [main.py:31] - adding user: {name}, {email}
2025-04-20 16:46:06,462 - INFO - [main.py:31] - adding user: {name}, {email}
2025-04-20 16:46:06,462 - INFO - [main.py:31] - adding user: {name}, {email}
2025-04-20 16:46:06,462 - INFO - [main.py:31] - adding user: {name}, {email}
2025-04-20 16:46:06,462 - INFO - [main.py:31] - adding user: {name}, {email}
2025-04-20 16:46:06,462 - INFO - [main.py:31] - adding user: {name}, {email}
2025-04-20 16:46:06,462 - INFO - [main.py:31] - adding user: {name}, {email}
2025-04-20 16:46:06,462 - INFO - [main.py:31] - adding user: {name}, {email}
2025-04-20 16:46:06,462 - INFO - [main.py:31] - adding user: {name}, {email}
2025-04-20 16:46:06,462 - INFO - [main.py:31] - adding user: {name}, {email}
2025-04-20 16:46:06,462 - INFO - [main.py:31] - adding user: {name}, {email}
2025-04-20 16:46:06,462 - INFO - [main.py:31] - adding user: {name}, {email}
2025-04-20 16:46:06,462 - INFO - [main.py:31] - adding user: {name}, {email}
2025-04-20 16:46:06,462 - INFO - [main.py:31] - adding user: {name}, {email}
2025-04-20 16:46:06,462 - INFO - [main.py:31] - adding user: {name}, {email}
2025-04-20 16:46:06,462 - INFO - [main.py:31] - adding user: {name}, {email}
2025-04-20 16:46:06,462 - INFO - [main.py:31] - adding user: {name}, {email}
2025-04-20 16:46:06,462 - INFO - [main.py:31] - adding user: {name}, {email}
2025-04-20 16:46:06,463 - INFO - [main.py:31] - adding user: {name}, {email}
2025-04-20 16:46:06,463 - INFO - [main.py:31] - adding user: {name}, {email}
2025-04-20 16:46:06,463 - INFO - [main.py:31] - adding user: {name}, {email}
2025-04-20 16:46:06,463 - INFO - [main.py:31] - adding user: {name}, {email}
2025-04-20 16:46:06,463 - INFO - [main.py:31] - adding user: {name}, {email}
2025-04-20 16:46:06,463 - INFO - [main.py:31] - adding user: {name}, {email}
2025-04-20 16:46:06,463 - INFO - [main.py:31] - adding user: {name}, {email}
2025-04-20 16:46:06,463 - INFO - [main.py:31] - adding user: {name}, {email}
2025-04-20 16:46:06,463 - INFO - [main.py:31] - adding user: {name}, {email}
2025-04-20 16:46:06,463 - INFO - [main.py:31] - adding user: {name}, {email}
2025-04-20 16:46:06,463 - INFO - [main.py:31] - adding user: {name}, {email}
2025-04-20 16:46:06,463 - INFO - [main.py:31] - adding user: {name}, {email}
2025-04-20 16:46:06,463 - INFO - [main.py:31] - adding user: {name}, {email}
2025-04-20 16:46:06,463 - INFO - [main.py:31] - adding user: {name}, {email}
2025-04-20 16:46:06,463 - INFO - [main.py:31] - adding user: {name}, {email}
2025-04-20 16:46:06,463 - INFO - [main.py:31] - adding user: {name}, {email}
2025-04-20 16:46:06,463 - INFO - [main.py:31] - adding user: {name}, {email}
2025-04-20 16:46:06,463 - INFO - [main.py:31] - adding user: {name}, {email}
2025-04-20 16:46:06,463 - INFO - [main.py:31] - adding user: {name}, {email}
2025-04-20 16:46:06,463 - INFO - [main.py:31] - adding user: {name}, {email}
2025-04-20 16:46:06,463 - INFO - [main.py:31] - adding user: {name}, {email}
2025-04-20 16:46:06,463 - INFO - [main.py:31] - adding user: {name}, {email}
2025-04-20 16:46:06,463 - INFO - [main.py:31] - adding user: {name}, {email}
2025-04-20 16:46:06,464 - INFO - [main.py:31] - adding user: {name}, {email}
2025-04-20 16:46:06,464 - INFO - [main.py:31] - adding user: {name}, {email}
2025-04-20 16:46:06,464 - INFO - [main.py:31] - adding user: {name}, {email}
2025-04-20 16:46:06,464 - INFO - [main.py:31] - adding user: {name}, {email}
2025-04-20 16:46:06,464 - INFO - [main.py:31] - adding user: {name}, {email}
2025-04-20 16:46:06,464 - INFO - [main.py:31] - adding user: {name}, {email}
2025-04-20 16:46:06,464 - INFO - [main.py:31] - adding user: {name}, {email}
2025-04-20 16:46:06,464 - INFO - [main.py:31] - adding user: {name}, {email}
2025-04-20 16:46:06,464 - INFO - [main.py:31] - adding user: {name}, {email}
2025-04-20 16:46:06,464 - INFO - [main.py:31] - adding user: {name}, {email}
2025-04-20 16:46:06,464 - INFO - [main.py:31] - adding user: {name}, {email}
2025-04-20 16:46:06,464 - INFO - [main.py:31] - adding user: {name}, {email}
2025-04-20 16:46:06,464 - INFO - [main.py:31] - adding user: {name}, {email}
2025-04-20 16:46:06,464 - INFO - [main.py:31] - adding user: {name}, {email}
2025-04-20 16:46:06,464 - INFO - [main.py:31] - adding user: {name}, {email}
2025-04-20 16:46:06,464 - INFO - [main.py:31] - adding user: {name}, {email}
2025-04-20 16:46:06,464 - INFO - [main.py:31] - adding user: {name}, {email}
2025-04-20 16:46:06,464 - INFO - [main.py:31] - adding user: {name}, {email}
2025-04-20 16:46:06,464 - INFO - [main.py:31] - adding user: {name}, {email}
2025-04-20 16:46:06,464 - INFO - [main.py:31] - adding user: {name}, {email}
2025-04-20 16:46:06,464 - INFO - [main.py:31] - adding user: {name}, {email}
2025-04-20 16:46:06,464 - INFO - [main.py:31] - adding user: {name}, {email}
2025-04-20 16:46:06,464 - INFO - [main.py:31] - adding user: {name}, {email}
2025-04-20 16:46:06,465 - INFO - [main.py:31] - adding user: {name}, {email}
2025-04-20 16:46:06,465 - INFO - [main.py:31] - adding user: {name}, {email}
2025-04-20 16:46:06,465 - INFO - [main.py:31] - adding user: {name}, {email}
2025-04-20 16:46:06,465 - INFO - [main.py:31] - adding user: {name}, {email}
2025-04-20 16:46:06,465 - INFO - [main.py:31] - adding user: {name}, {email}
2025-04-20 16:46:06,465 - INFO - [main.py:31] - adding user: {name}, {email}
2025-04-20 16:46:06,465 - INFO - [main.py:31] - adding user: {name}, {email}
2025-04-20 16:46:06,465 - INFO - [main.py:31] - adding user: {name}, {email}
2025-04-20 16:46:06,465 - INFO - [main.py:31] - adding user: {name}, {email}
2025-04-20 16:46:06,465 - INFO - [main.py:31] - adding user: {name}, {email}
2025-04-20 16:46:06,465 - INFO - [main.py:31] - adding user: {name}, {email}
2025-04-20 16:46:06,465 - INFO - [main.py:31] - adding user: {name}, {email}
2025-04-20 16:46:06,465 - INFO - [main.py:31] - adding user: {name}, {email}
2025-04-20 16:46:06,465 - INFO - [main.py:31] - adding user: {name}, {email}
2025-04-20 16:46:06,465 - INFO - [main.py:31] - adding user: {name}, {email}
2025-04-20 16:46:06,465 - INFO - [main.py:31] - adding user: {name}, {email}
2025-04-20 16:46:06,465 - INFO - [main.py:31] - adding user: {name}, {email}
2025-04-20 16:46:06,466 - INFO - [main.py:31] - adding user: {name}, {email}
2025-04-20 16:46:06,466 - INFO - [main.py:31] - adding user: {name}, {email}
2025-04-20 16:46:06,466 - INFO - [main.py:31] - adding user: {name}, {email}
2025-04-20 16:46:06,466 - INFO - [main.py:31] - adding user: {name}, {email}
2025-04-20 16:46:06,466 - INFO - [main.py:31] - adding user: {name}, {email}
2025-04-20 16:46:06,466 - INFO - [main.py:31] - adding user: {name}, {email}
2025-04-20 16:46:06,466 - INFO - [main.py:31] - adding user: {name}, {email}
2025-04-20 16:46:06,466 - INFO - [main.py:31] - adding user: {name}, {email}
2025-04-20 16:46:06,466 - INFO - [main.py:31] - adding user: {name}, {email}
2025-04-20 16:46:06,466 - INFO - [main.py:31] - adding user: {name}, {email}
2025-04-20 16:46:06,466 - INFO - [main.py:31] - adding user: {name}, {email}
2025-04-20 16:46:06,466 - INFO - [main.py:31] - adding user: {name}, {email}
2025-04-20 16:46:06,466 - INFO - [main.py:31] - adding user: {name}, {email}
2025-04-20 16:46:06,466 - INFO - [main.py:31] - adding user: {name}, {email}
2025-04-20 16:46:06,466 - INFO - [main.py:31] - adding user: {name}, {email}
2025-04-20 16:46:06,466 - INFO - [main.py:31] - adding user: {name}, {email}
2025-04-20 16:46:06,466 - INFO - [main.py:31] - adding user: {name}, {email}
2025-04-20 16:46:06,466 - INFO - [main.py:31] - adding user: {name}, {email}
2025-04-20 16:46:06,467 - INFO - [main.py:31] - adding user: {name}, {email}
2025-04-20 16:46:06,467 - INFO - [main.py:31] - adding user: {name}, {email}
2025-04-20 16:46:06,467 - INFO - [main.py:31] - adding user: {name}, {email}
2025-04-20 16:46:06,467 - INFO - [main.py:31] - adding user: {name}, {email}
2025-04-20 16:46:06,467 - INFO - [main.py:31] - adding user: {name}, {email}
2025-04-20 16:46:06,467 - INFO - [main.py:31] - adding user: {name}, {email}
2025-04-20 16:46:06,467 - INFO - [main.py:31] - adding user: {name}, {email}
2025-04-20 16:46:06,467 - INFO - [main.py:31] - adding user: {name}, {email}
2025-04-20 16:46:06,467 - INFO - [main.py:31] - adding user: {name}, {email}
2025-04-20 16:46:06,467 - INFO - [main.py:31] - adding user: {name}, {email}
2025-04-20 16:46:06,467 - INFO - [main.py:31] - adding user: {name}, {email}
2025-04-20 16:46:06,468 - INFO - [main.py:31] - adding user: {name}, {email}
2025-04-20 16:46:06,468 - INFO - [main.py:31] - adding user: {name}, {email}
2025-04-20 16:46:06,468 - INFO - [main.py:31] - adding user: {name}, {email}
2025-04-20 16:46:06,468 - INFO - [main.py:31] - adding user: {name}, {email}
2025-04-20 16:46:06,468 - INFO - [main.py:31] - adding user: {name}, {email}
2025-04-20 16:46:06,468 - INFO - [main.py:31] - adding user: {name}, {email}
2025-04-20 16:46:06,468 - INFO - [main.py:31] - adding user: {name}, {email}
2025-04-20 16:46:06,468 - INFO - [main.py:31] - adding user: {name}, {email}
2025-04-20 16:46:06,468 - INFO - [main.py:31] - adding user: {name}, {email}
2025-04-20 16:46:06,468 - INFO - [main.py:31] - adding user: {name}, {email}
2025-04-20 16:46:06,468 - INFO - [main.py:31] - adding user: {name}, {email}
2025-04-20 16:46:06,468 - INFO - [main.py:31] - adding user: {name}, {email}
2025-04-20 16:46:06,468 - INFO - [main.py:31] - adding user: {name}, {email}
2025-04-20 16:46:06,468 - INFO - [main.py:31] - adding user: {name}, {email}
2025-04-20 16:46:06,468 - INFO - [main.py:31] - adding user: {name}, {email}
2025-04-20 16:46:06,469 - INFO - [main.py:31] - adding user: {name}, {email}
2025-04-20 16:46:06,469 - INFO - [main.py:31] - adding user: {name}, {email}
2025-04-20 16:46:06,469 - INFO - [main.py:31] - adding user: {name}, {email}
2025-04-20 16:46:06,469 - INFO - [main.py:31] - adding user: {name}, {email}
2025-04-20 16:46:06,469 - INFO - [main.py:31] - adding user: {name}, {email}
2025-04-20 16:46:06,469 - INFO - [main.py:31] - adding user: {name}, {email}
2025-04-20 16:46:06,469 - INFO - [main.py:31] - adding user: {name}, {email}
2025-04-20 16:46:06,469 - INFO - [main.py:31] - adding user: {name}, {email}
2025-04-20 16:46:06,469 - INFO - [main.py:31] - adding user: {name}, {email}
2025-04-20 16:46:06,469 - INFO - [main.py:31] - adding user: {name}, {email}
2025-04-20 16:46:06,469 - INFO - [main.py:31] - adding user: {name}, {email}
2025-04-20 16:46:06,469 - INFO - [main.py:31] - adding user: {name}, {email}
2025-04-20 16:46:06,469 - INFO - [main.py:31] - adding user: {name}, {email}
2025-04-20 16:46:06,469 - INFO - [main.py:31] - adding user: {name}, {email}
2025-04-20 16:46:06,469 - INFO - [main.py:31] - adding user: {name}, {email}
2025-04-20 16:46:06,470 - INFO - [main.py:31] - adding user: {name}, {email}
2025-04-20 16:46:06,470 - INFO - [main.py:31] - adding user: {name}, {email}
2025-04-20 16:46:06,470 - INFO - [main.py:31] - adding user: {name}, {email}
2025-04-20 16:46:06,470 - INFO - [main.py:31] - adding user: {name}, {email}
2025-04-20 16:46:06,470 - INFO - [main.py:31] - adding user: {name}, {email}
2025-04-20 16:46:06,470 - INFO - [main.py:31] - adding user: {name}, {email}
2025-04-20 16:46:06,470 - INFO - [main.py:31] - adding user: {name}, {email}
2025-04-20 16:46:06,470 - INFO - [main.py:31] - adding user: {name}, {email}
2025-04-20 16:46:06,470 - INFO - [main.py:31] - adding user: {name}, {email}
2025-04-20 16:46:06,470 - INFO - [main.py:31] - adding user: {name}, {email}
2025-04-20 16:46:06,470 - INFO - [main.py:31] - adding user: {name}, {email}
2025-04-20 16:46:06,470 - INFO - [main.py:31] - adding user: {name}, {email}
2025-04-20 16:46:06,470 - INFO - [main.py:31] - adding user: {name}, {email}
2025-04-20 16:46:06,470 - INFO - [main.py:31] - adding user: {name}, {email}
2025-04-20 16:46:06,470 - INFO - [main.py:31] - adding user: {name}, {email}
2025-04-20 16:46:06,470 - INFO - [main.py:31] - adding user: {name}, {email}
2025-04-20 16:46:06,470 - INFO - [main.py:31] - adding user: {name}, {email}
2025-04-20 16:46:06,470 - INFO - [main.py:31] - adding user: {name}, {email}
2025-04-20 16:46:06,471 - INFO - [main.py:31] - adding user: {name}, {email}
2025-04-20 16:46:06,471 - INFO - [main.py:31] - adding user: {name}, {email}
2025-04-20 16:46:06,471 - INFO - [main.py:31] - adding user: {name}, {email}
2025-04-20 16:46:06,471 - INFO - [main.py:31] - adding user: {name}, {email}
2025-04-20 16:46:06,471 - INFO - [main.py:31] - adding user: {name}, {email}
2025-04-20 16:46:06,471 - INFO - [main.py:31] - adding user: {name}, {email}
2025-04-20 16:46:06,471 - INFO - [main.py:31] - adding user: {name}, {email}
2025-04-20 16:46:06,471 - INFO - [main.py:31] - adding user: {name}, {email}
2025-04-20 16:46:06,471 - INFO - [main.py:31] - adding user: {name}, {email}
2025-04-20 16:46:06,471 - INFO - [main.py:31] - adding user: {name}, {email}
2025-04-20 16:46:06,471 - INFO - [main.py:31] - adding user: {name}, {email}
2025-04-20 16:46:06,471 - INFO - [main.py:31] - adding user: {name}, {email}
2025-04-20 16:46:06,471 - INFO - [main.py:31] - adding user: {name}, {email}
2025-04-20 16:46:06,472 - INFO - [main.py:31] - adding user: {name}, {email}
2025-04-20 16:46:06,472 - INFO - [main.py:31] - adding user: {name}, {email}
2025-04-20 16:46:06,472 - INFO - [main.py:31] - adding user: {name}, {email}
2025-04-20 16:46:06,472 - INFO - [main.py:31] - adding user: {name}, {email}
2025-04-20 16:46:06,472 - INFO - [main.py:31] - adding user: {name}, {email}
2025-04-20 16:46:06,472 - INFO - [main.py:31] - adding user: {name}, {email}
2025-04-20 16:46:06,472 - INFO - [main.py:31] - adding user: {name}, {email}
2025-04-20 16:46:06,472 - INFO - [main.py:31] - adding user: {name}, {email}
2025-04-20 16:46:06,472 - INFO - [main.py:31] - adding user: {name}, {email}
2025-04-20 16:46:06,472 - INFO - [main.py:31] - adding user: {name}, {email}
2025-04-20 16:46:06,472 - INFO - [main.py:31] - adding user: {name}, {email}
2025-04-20 16:46:06,472 - INFO - [main.py:31] - adding user: {name}, {email}
2025-04-20 16:46:06,472 - INFO - [main.py:31] - adding user: {name}, {email}
2025-04-20 16:46:06,472 - INFO - [main.py:31] - adding user: {name}, {email}
2025-04-20 16:46:06,472 - INFO - [main.py:31] - adding user: {name}, {email}
2025-04-20 16:46:06,473 - INFO - [main.py:31] - adding user: {name}, {email}
2025-04-20 16:46:06,473 - INFO - [main.py:31] - adding user: {name}, {email}
2025-04-20 16:46:06,473 - INFO - [main.py:31] - adding user: {name}, {email}
2025-04-20 16:46:06,473 - INFO - [main.py:31] - adding user: {name}, {email}
2025-04-20 16:46:06,473 - INFO - [main.py:31] - adding user: {name}, {email}
2025-04-20 16:46:06,473 - INFO - [main.py:31] - adding user: {name}, {email}
2025-04-20 16:46:06,473 - INFO - [main.py:31] - adding user: {name}, {email}
2025-04-20 16:46:06,473 - INFO - [main.py:31] - adding user: {name}, {email}
2025-04-20 16:46:06,473 - INFO - [main.py:31] - adding user: {name}, {email}
2025-04-20 16:46:06,473 - INFO - [main.py:31] - adding user: {name}, {email}
2025-04-20 16:46:06,474 - INFO - [main.py:31] - adding user: {name}, {email}
2025-04-20 16:46:06,474 - INFO - [main.py:31] - adding user: {name}, {email}
2025-04-20 16:46:06,474 - INFO - [main.py:31] - adding user: {name}, {email}
2025-04-20 16:46:06,474 - INFO - [main.py:31] - adding user: {name}, {email}
2025-04-20 16:46:06,474 - INFO - [main.py:31] - adding user: {name}, {email}
2025-04-20 16:46:06,474 - INFO - [main.py:31] - adding user: {name}, {email}
2025-04-20 16:46:06,474 - INFO - [main.py:31] - adding user: {name}, {email}
2025-04-20 16:46:06,474 - INFO - [main.py:31] - adding user: {name}, {email}
2025-04-20 16:46:06,474 - INFO - [main.py:31] - adding user: {name}, {email}
2025-04-20 16:46:06,474 - INFO - [main.py:31] - adding user: {name}, {email}
2025-04-20 16:46:06,474 - INFO - [main.py:31] - adding user: {name}, {email}
2025-04-20 16:46:06,475 - INFO - [main.py:31] - adding user: {name}, {email}
2025-04-20 16:46:06,475 - INFO - [main.py:31] - adding user: {name}, {email}
2025-04-20 16:46:06,475 - INFO - [main.py:31] - adding user: {name}, {email}
2025-04-20 16:46:06,475 - INFO - [main.py:31] - adding user: {name}, {email}
2025-04-20 16:46:06,475 - INFO - [main.py:31] - adding user: {name}, {email}
2025-04-20 16:46:06,475 - INFO - [main.py:31] - adding user: {name}, {email}
2025-04-20 16:46:06,475 - INFO - [main.py:31] - adding user: {name}, {email}
2025-04-20 16:46:06,475 - INFO - [main.py:31] - adding user: {name}, {email}
2025-04-20 16:46:06,475 - INFO - [main.py:31] - adding user: {name}, {email}
2025-04-20 16:46:06,475 - INFO - [main.py:31] - adding user: {name}, {email}
2025-04-20 16:46:06,475 - INFO - [main.py:31] - adding user: {name}, {email}
2025-04-20 16:46:06,476 - INFO - [main.py:31] - adding user: {name}, {email}
2025-04-20 16:46:06,476 - INFO - [main.py:31] - adding user: {name}, {email}
2025-04-20 16:46:06,476 - INFO - [main.py:31] - adding user: {name}, {email}
2025-04-20 16:46:06,476 - INFO - [main.py:31] - adding user: {name}, {email}
2025-04-20 16:46:06,476 - INFO - [main.py:31] - adding user: {name}, {email}
2025-04-20 16:46:06,476 - INFO - [main.py:31] - adding user: {name}, {email}
2025-04-20 16:46:06,476 - INFO - [main.py:31] - adding user: {name}, {email}
2025-04-20 16:46:06,476 - INFO - [main.py:31] - adding user: {name}, {email}
2025-04-20 16:46:06,476 - INFO - [main.py:31] - adding user: {name}, {email}
2025-04-20 16:46:06,476 - INFO - [main.py:31] - adding user: {name}, {email}
2025-04-20 16:46:06,476 - INFO - [main.py:31] - adding user: {name}, {email}
2025-04-20 16:46:06,476 - INFO - [main.py:31] - adding user: {name}, {email}
2025-04-20 16:46:06,476 - INFO - [main.py:31] - adding user: {name}, {email}
2025-04-20 16:46:06,476 - INFO - [main.py:31] - adding user: {name}, {email}
2025-04-20 16:46:06,476 - INFO - [main.py:31] - adding user: {name}, {email}
2025-04-20 16:46:06,476 - INFO - [main.py:31] - adding user: {name}, {email}
2025-04-20 16:46:06,476 - INFO - [main.py:31] - adding user: {name}, {email}
2025-04-20 16:46:06,476 - INFO - [main.py:31] - adding user: {name}, {email}
2025-04-20 16:46:06,476 - INFO - [main.py:31] - adding user: {name}, {email}
2025-04-20 16:46:06,476 - INFO - [main.py:31] - adding user: {name}, {email}
2025-04-20 16:46:06,477 - INFO - [main.py:31] - adding user: {name}, {email}
2025-04-20 16:46:06,477 - INFO - [main.py:31] - adding user: {name}, {email}
2025-04-20 16:46:06,477 - INFO - [main.py:31] - adding user: {name}, {email}
2025-04-20 16:46:06,477 - INFO - [main.py:31] - adding user: {name}, {email}
2025-04-20 16:46:06,477 - INFO - [main.py:31] - adding user: {name}, {email}
2025-04-20 16:46:06,477 - INFO - [main.py:31] - adding user: {name}, {email}
2025-04-20 16:46:06,477 - INFO - [main.py:31] - adding user: {name}, {email}
2025-04-20 16:46:06,477 - INFO - [main.py:31] - adding user: {name}, {email}
2025-04-20 16:46:06,477 - INFO - [main.py:31] - adding user: {name}, {email}
2025-04-20 16:46:06,477 - INFO - [main.py:31] - adding user: {name}, {email}
2025-04-20 16:46:06,477 - INFO - [main.py:31] - adding user: {name}, {email}
2025-04-20 16:46:06,477 - INFO - [main.py:31] - adding user: {name}, {email}
2025-04-20 16:46:06,477 - INFO - [main.py:31] - adding user: {name}, {email}
2025-04-20 16:46:06,477 - INFO - [main.py:31] - adding user: {name}, {email}
2025-04-20 16:46:06,477 - INFO - [main.py:31] - adding user: {name}, {email}
2025-04-20 16:46:06,477 - INFO - [main.py:31] - adding user: {name}, {email}
2025-04-20 16:46:06,477 - INFO - [main.py:31] - adding user: {name}, {email}
2025-04-20 16:46:06,477 - INFO - [main.py:31] - adding user: {name}, {email}
2025-04-20 16:46:06,477 - INFO - [main.py:31] - adding user: {name}, {email}
2025-04-20 16:46:06,477 - INFO - [main.py:31] - adding user: {name}, {email}
2025-04-20 16:46:06,477 - INFO - [main.py:31] - adding user: {name}, {email}
2025-04-20 16:46:06,478 - INFO - [main.py:31] - adding user: {name}, {email}
2025-04-20 16:46:06,478 - INFO - [main.py:31] - adding user: {name}, {email}
2025-04-20 16:46:06,478 - INFO - [main.py:31] - adding user: {name}, {email}
2025-04-20 16:46:06,478 - INFO - [main.py:31] - adding user: {name}, {email}
2025-04-20 16:46:06,478 - INFO - [main.py:31] - adding user: {name}, {email}
2025-04-20 16:46:06,478 - INFO - [main.py:31] - adding user: {name}, {email}
2025-04-20 16:46:06,478 - INFO - [main.py:31] - adding user: {name}, {email}
2025-04-20 16:46:06,478 - INFO - [main.py:31] - adding user: {name}, {email}
2025-04-20 16:46:06,478 - INFO - [main.py:31] - adding user: {name}, {email}
2025-04-20 16:46:06,478 - INFO - [main.py:31] - adding user: {name}, {email}
2025-04-20 16:46:06,478 - INFO - [main.py:31] - adding user: {name}, {email}
2025-04-20 16:46:06,478 - INFO - [main.py:31] - adding user: {name}, {email}
2025-04-20 16:46:06,478 - INFO - [main.py:31] - adding user: {name}, {email}
2025-04-20 16:46:06,478 - INFO - [main.py:31] - adding user: {name}, {email}
2025-04-20 16:46:06,478 - INFO - [main.py:31] - adding user: {name}, {email}
2025-04-20 16:46:06,478 - INFO - [main.py:31] - adding user: {name}, {email}
2025-04-20 16:46:06,478 - INFO - [main.py:31] - adding user: {name}, {email}
2025-04-20 16:46:06,478 - INFO - [main.py:31] - adding user: {name}, {email}
2025-04-20 16:46:06,478 - INFO - [main.py:31] - adding user: {name}, {email}
2025-04-20 16:46:06,478 - INFO - [main.py:31] - adding user: {name}, {email}
2025-04-20 16:46:06,479 - INFO - [main.py:31] - adding user: {name}, {email}
2025-04-20 16:46:06,479 - INFO - [main.py:31] - adding user: {name}, {email}
2025-04-20 16:46:06,479 - INFO - [main.py:31] - adding user: {name}, {email}
2025-04-20 16:46:06,479 - INFO - [main.py:31] - adding user: {name}, {email}
2025-04-20 16:46:06,479 - INFO - [main.py:31] - adding user: {name}, {email}
2025-04-20 16:46:06,479 - INFO - [main.py:31] - adding user: {name}, {email}
2025-04-20 16:46:06,479 - INFO - [main.py:31] - adding user: {name}, {email}
2025-04-20 16:46:06,479 - INFO - [main.py:31] - adding user: {name}, {email}
2025-04-20 16:46:06,479 - INFO - [main.py:31] - adding user: {name}, {email}
2025-04-20 16:46:06,479 - INFO - [main.py:31] - adding user: {name}, {email}
2025-04-20 16:46:06,479 - INFO - [main.py:31] - adding user: {name}, {email}
2025-04-20 16:46:06,480 - INFO - [main.py:31] - adding user: {name}, {email}
2025-04-20 16:46:06,480 - INFO - [main.py:31] - adding user: {name}, {email}
2025-04-20 16:46:06,480 - INFO - [main.py:31] - adding user: {name}, {email}
2025-04-20 16:46:06,480 - INFO - [main.py:31] - adding user: {name}, {email}
2025-04-20 16:46:06,480 - INFO - [main.py:31] - adding user: {name}, {email}
2025-04-20 16:46:06,480 - INFO - [main.py:31] - adding user: {name}, {email}
2025-04-20 16:46:06,480 - INFO - [main.py:31] - adding user: {name}, {email}
2025-04-20 16:46:06,480 - INFO - [main.py:31] - adding user: {name}, {email}
2025-04-20 16:46:06,480 - INFO - [main.py:31] - adding user: {name}, {email}
2025-04-20 16:46:06,480 - INFO - [main.py:31] - adding user: {name}, {email}
2025-04-20 16:46:06,480 - INFO - [main.py:31] - adding user: {name}, {email}
2025-04-20 16:46:06,480 - INFO - [main.py:31] - adding user: {name}, {email}
2025-04-20 16:46:06,480 - INFO - [main.py:31] - adding user: {name}, {email}
2025-04-20 16:46:06,480 - INFO - [main.py:31] - adding user: {name}, {email}
2025-04-20 16:46:06,480 - INFO - [main.py:31] - adding user: {name}, {email}
2025-04-20 16:46:06,480 - INFO - [main.py:31] - adding user: {name}, {email}
2025-04-20 16:46:06,480 - INFO - [main.py:31] - adding user: {name}, {email}
2025-04-20 16:46:06,480 - INFO - [main.py:31] - adding user: {name}, {email}
2025-04-20 16:46:06,480 - INFO - [main.py:31] - adding user: {name}, {email}
2025-04-20 16:46:06,480 - INFO - [main.py:31] - adding user: {name}, {email}
2025-04-20 16:46:06,480 - INFO - [main.py:31] - adding user: {name}, {email}
2025-04-20 16:46:06,481 - INFO - [main.py:31] - adding user: {name}, {email}
2025-04-20 16:46:06,481 - INFO - [main.py:31] - adding user: {name}, {email}
2025-04-20 16:46:06,481 - INFO - [main.py:31] - adding user: {name}, {email}
2025-04-20 16:46:06,481 - INFO - [main.py:31] - adding user: {name}, {email}
2025-04-20 16:46:06,481 - INFO - [main.py:31] - adding user: {name}, {email}
2025-04-20 16:46:06,481 - INFO - [main.py:31] - adding user: {name}, {email}
2025-04-20 16:46:06,481 - INFO - [main.py:31] - adding user: {name}, {email}
2025-04-20 16:46:06,481 - INFO - [main.py:31] - adding user: {name}, {email}
2025-04-20 16:46:06,481 - INFO - [main.py:31] - adding user: {name}, {email}
2025-04-20 16:46:06,481 - INFO - [main.py:31] - adding user: {name}, {email}
2025-04-20 16:46:06,481 - INFO - [main.py:31] - adding user: {name}, {email}
2025-04-20 16:46:06,481 - INFO - [main.py:31] - adding user: {name}, {email}
2025-04-20 16:46:06,481 - INFO - [main.py:31] - adding user: {name}, {email}
2025-04-20 16:46:06,481 - INFO - [main.py:31] - adding user: {name}, {email}
2025-04-20 16:46:06,481 - INFO - [main.py:31] - adding user: {name}, {email}
2025-04-20 16:46:06,481 - INFO - [main.py:31] - adding user: {name}, {email}
2025-04-20 16:46:06,481 - INFO - [main.py:31] - adding user: {name}, {email}
2025-04-20 16:46:06,481 - INFO - [main.py:31] - adding user: {name}, {email}
2025-04-20 16:46:06,481 - INFO - [main.py:31] - adding user: {name}, {email}
2025-04-20 16:46:06,481 - INFO - [main.py:31] - adding user: {name}, {email}
2025-04-20 16:46:06,481 - INFO - [main.py:31] - adding user: {name}, {email}
2025-04-20 16:46:06,482 - INFO - [main.py:31] - adding user: {name}, {email}
2025-04-20 16:46:06,482 - INFO - [main.py:31] - adding user: {name}, {email}
2025-04-20 16:46:06,482 - INFO - [main.py:31] - adding user: {name}, {email}
2025-04-20 16:46:06,482 - INFO - [main.py:31] - adding user: {name}, {email}
2025-04-20 16:46:06,482 - INFO - [main.py:31] - adding user: {name}, {email}
2025-04-20 16:46:06,482 - INFO - [main.py:31] - adding user: {name}, {email}
2025-04-20 16:46:06,482 - INFO - [main.py:31] - adding user: {name}, {email}
2025-04-20 16:46:06,482 - INFO - [main.py:31] - adding user: {name}, {email}
2025-04-20 16:46:06,482 - INFO - [main.py:31] - adding user: {name}, {email}
2025-04-20 16:46:06,482 - INFO - [main.py:31] - adding user: {name}, {email}
2025-04-20 16:46:06,482 - INFO - [main.py:31] - adding user: {name}, {email}
2025-04-20 16:46:06,482 - INFO - [main.py:31] - adding user: {name}, {email}
2025-04-20 16:46:06,483 - INFO - [main.py:31] - adding user: {name}, {email}
2025-04-20 16:46:06,483 - INFO - [main.py:31] - adding user: {name}, {email}
2025-04-20 16:46:06,483 - INFO - [main.py:31] - adding user: {name}, {email}
2025-04-20 16:46:06,483 - INFO - [main.py:31] - adding user: {name}, {email}
2025-04-20 16:46:06,483 - INFO - [main.py:31] - adding user: {name}, {email}
2025-04-20 16:46:06,483 - INFO - [main.py:31] - adding user: {name}, {email}
2025-04-20 16:46:06,483 - INFO - [main.py:31] - adding user: {name}, {email}
2025-04-20 16:46:06,483 - INFO - [main.py:31] - adding user: {name}, {email}
2025-04-20 16:46:06,483 - INFO - [main.py:31] - adding user: {name}, {email}
2025-04-20 16:46:06,483 - INFO - [main.py:31] - adding user: {name}, {email}
2025-04-20 16:46:06,483 - INFO - [main.py:31] - adding user: {name}, {email}
2025-04-20 16:46:06,483 - INFO - [main.py:31] - adding user: {name}, {email}
2025-04-20 16:46:06,483 - INFO - [main.py:31] - adding user: {name}, {email}
2025-04-20 16:46:06,483 - INFO - [main.py:31] - adding user: {name}, {email}
2025-04-20 16:46:06,483 - INFO - [main.py:31] - adding user: {name}, {email}
2025-04-20 16:46:06,483 - INFO - [main.py:31] - adding user: {name}, {email}
2025-04-20 16:46:06,483 - INFO - [main.py:31] - adding user: {name}, {email}
2025-04-20 16:46:06,483 - INFO - [main.py:31] - adding user: {name}, {email}
2025-04-20 16:46:06,483 - INFO - [main.py:31] - adding user: {name}, {email}
2025-04-20 16:46:06,483 - INFO - [main.py:31] - adding user: {name}, {email}
2025-04-20 16:46:06,483 - INFO - [main.py:31] - adding user: {name}, {email}
2025-04-20 16:46:06,483 - INFO - [main.py:31] - adding user: {name}, {email}
2025-04-20 16:46:06,484 - INFO - [main.py:31] - adding user: {name}, {email}
2025-04-20 16:46:06,484 - INFO - [main.py:31] - adding user: {name}, {email}
2025-04-20 16:46:06,484 - INFO - [main.py:31] - adding user: {name}, {email}
2025-04-20 16:46:06,484 - INFO - [main.py:31] - adding user: {name}, {email}
2025-04-20 16:46:06,484 - INFO - [main.py:31] - adding user: {name}, {email}
2025-04-20 16:46:06,484 - INFO - [main.py:31] - adding user: {name}, {email}
2025-04-20 16:46:06,484 - INFO - [main.py:31] - adding user: {name}, {email}
2025-04-20 16:46:06,484 - INFO - [main.py:31] - adding user: {name}, {email}
2025-04-20 16:46:06,484 - INFO - [main.py:31] - adding user: {name}, {email}
2025-04-20 16:46:06,484 - INFO - [main.py:31] - adding user: {name}, {email}
2025-04-20 16:46:06,484 - INFO - [main.py:31] - adding user: {name}, {email}
2025-04-20 16:46:06,484 - INFO - [main.py:31] - adding user: {name}, {email}
2025-04-20 16:46:06,484 - INFO - [main.py:31] - adding user: {name}, {email}
2025-04-20 16:46:06,484 - INFO - [main.py:31] - adding user: {name}, {email}
2025-04-20 16:46:06,484 - INFO - [main.py:31] - adding user: {name}, {email}
2025-04-20 16:46:06,484 - INFO - [main.py:31] - adding user: {name}, {email}
2025-04-20 16:46:06,484 - INFO - [main.py:31] - adding user: {name}, {email}
2025-04-20 16:46:06,484 - INFO - [main.py:31] - adding user: {name}, {email}
2025-04-20 16:46:06,484 - INFO - [main.py:31] - adding user: {name}, {email}
2025-04-20 16:46:06,484 - INFO - [main.py:31] - adding user: {name}, {email}
2025-04-20 16:46:06,484 - INFO - [main.py:31] - adding user: {name}, {email}
2025-04-20 16:46:06,484 - INFO - [main.py:31] - adding user: {name}, {email}
2025-04-20 16:46:06,485 - INFO - [main.py:31] - adding user: {name}, {email}
2025-04-20 16:46:06,485 - INFO - [main.py:31] - adding user: {name}, {email}
2025-04-20 16:46:06,485 - INFO - [main.py:31] - adding user: {name}, {email}
2025-04-20 16:46:06,485 - INFO - [main.py:31] - adding user: {name}, {email}
2025-04-20 16:46:06,485 - INFO - [main.py:31] - adding user: {name}, {email}
2025-04-20 16:46:06,485 - INFO - [main.py:31] - adding user: {name}, {email}
2025-04-20 16:46:06,485 - INFO - [main.py:31] - adding user: {name}, {email}
2025-04-20 16:46:06,485 - INFO - [main.py:31] - adding user: {name}, {email}
2025-04-20 16:46:06,485 - INFO - [main.py:31] - adding user: {name}, {email}
2025-04-20 16:46:06,485 - INFO - [main.py:31] - adding user: {name}, {email}
2025-04-20 16:46:06,485 - INFO - [main.py:31] - adding user: {name}, {email}
2025-04-20 16:46:06,485 - INFO - [main.py:31] - adding user: {name}, {email}
2025-04-20 16:46:06,485 - INFO - [main.py:31] - adding user: {name}, {email}
2025-04-20 16:46:06,485 - INFO - [main.py:31] - adding user: {name}, {email}
2025-04-20 16:46:06,485 - INFO - [main.py:31] - adding user: {name}, {email}
2025-04-20 16:46:06,485 - INFO - [main.py:31] - adding user: {name}, {email}
2025-04-20 16:46:06,485 - INFO - [main.py:31] - adding user: {name}, {email}
2025-04-20 16:46:06,486 - INFO - [main.py:31] - adding user: {name}, {email}
2025-04-20 16:46:06,486 - INFO - [main.py:31] - adding user: {name}, {email}
2025-04-20 16:46:06,486 - INFO - [main.py:31] - adding user: {name}, {email}
2025-04-20 16:46:06,486 - INFO - [main.py:31] - adding user: {name}, {email}
2025-04-20 16:46:06,486 - INFO - [main.py:31] - adding user: {name}, {email}
2025-04-20 16:46:06,486 - INFO - [main.py:31] - adding user: {name}, {email}
2025-04-20 16:46:06,486 - INFO - [main.py:31] - adding user: {name}, {email}
2025-04-20 16:46:06,486 - INFO - [main.py:31] - adding user: {name}, {email}
2025-04-20 16:46:06,486 - INFO - [main.py:31] - adding user: {name}, {email}
2025-04-20 16:46:06,486 - INFO - [main.py:31] - adding user: {name}, {email}
2025-04-20 16:46:06,486 - INFO - [main.py:31] - adding user: {name}, {email}
2025-04-20 16:46:06,486 - INFO - [main.py:31] - adding user: {name}, {email}
2025-04-20 16:46:06,486 - INFO - [main.py:31] - adding user: {name}, {email}
2025-04-20 16:46:06,486 - INFO - [main.py:31] - adding user: {name}, {email}
2025-04-20 16:46:06,487 - INFO - [main.py:31] - adding user: {name}, {email}
2025-04-20 16:46:06,487 - INFO - [main.py:31] - adding user: {name}, {email}
2025-04-20 16:46:06,487 - INFO - [main.py:31] - adding user: {name}, {email}
2025-04-20 16:46:06,487 - INFO - [main.py:31] - adding user: {name}, {email}
2025-04-20 16:46:06,487 - INFO - [main.py:31] - adding user: {name}, {email}
2025-04-20 16:46:06,487 - INFO - [main.py:31] - adding user: {name}, {email}
2025-04-20 16:46:06,487 - INFO - [main.py:31] - adding user: {name}, {email}
2025-04-20 16:46:06,487 - INFO - [main.py:31] - adding user: {name}, {email}
2025-04-20 16:46:06,487 - INFO - [main.py:31] - adding user: {name}, {email}
2025-04-20 16:46:06,487 - INFO - [main.py:31] - adding user: {name}, {email}
2025-04-20 16:46:06,487 - INFO - [main.py:31] - adding user: {name}, {email}
2025-04-20 16:46:06,487 - INFO - [main.py:31] - adding user: {name}, {email}
2025-04-20 16:46:06,487 - INFO - [main.py:31] - adding user: {name}, {email}
2025-04-20 16:46:06,488 - INFO - [main.py:31] - adding user: {name}, {email}
2025-04-20 16:46:06,488 - INFO - [main.py:31] - adding user: {name}, {email}
2025-04-20 16:46:06,488 - INFO - [main.py:31] - adding user: {name}, {email}
2025-04-20 16:46:06,488 - INFO - [main.py:31] - adding user: {name}, {email}
2025-04-20 16:46:06,488 - INFO - [main.py:31] - adding user: {name}, {email}
2025-04-20 16:46:06,488 - INFO - [main.py:31] - adding user: {name}, {email}
2025-04-20 16:46:06,488 - INFO - [main.py:31] - adding user: {name}, {email}
2025-04-20 16:46:06,488 - INFO - [main.py:31] - adding user: {name}, {email}
2025-04-20 16:46:06,488 - INFO - [main.py:31] - adding user: {name}, {email}
2025-04-20 16:46:06,488 - INFO - [main.py:31] - adding user: {name}, {email}
2025-04-20 16:46:06,488 - INFO - [main.py:31] - adding user: {name}, {email}
2025-04-20 16:46:06,488 - INFO - [main.py:31] - adding user: {name}, {email}
2025-04-20 16:46:06,488 - INFO - [main.py:31] - adding user: {name}, {email}
2025-04-20 16:46:06,488 - INFO - [main.py:31] - adding user: {name}, {email}
2025-04-20 16:46:06,489 - INFO - [main.py:31] - adding user: {name}, {email}
2025-04-20 16:46:06,489 - INFO - [main.py:31] - adding user: {name}, {email}
2025-04-20 16:46:06,489 - INFO - [main.py:31] - adding user: {name}, {email}
2025-04-20 16:46:06,489 - INFO - [main.py:31] - adding user: {name}, {email}
2025-04-20 16:46:06,489 - INFO - [main.py:31] - adding user: {name}, {email}
2025-04-20 16:46:06,489 - INFO - [main.py:31] - adding user: {name}, {email}
2025-04-20 16:46:06,489 - INFO - [main.py:31] - adding user: {name}, {email}
2025-04-20 16:46:06,489 - INFO - [main.py:31] - adding user: {name}, {email}
2025-04-20 16:46:06,489 - INFO - [main.py:31] - adding user: {name}, {email}
2025-04-20 16:46:06,489 - INFO - [main.py:31] - adding user: {name}, {email}
2025-04-20 16:46:06,489 - INFO - [main.py:31] - adding user: {name}, {email}
2025-04-20 16:46:06,489 - INFO - [main.py:31] - adding user: {name}, {email}
2025-04-20 16:46:06,489 - INFO - [main.py:31] - adding user: {name}, {email}
2025-04-20 16:46:06,489 - INFO - [main.py:31] - adding user: {name}, {email}
2025-04-20 16:46:06,489 - INFO - [main.py:31] - adding user: {name}, {email}
2025-04-20 16:46:06,489 - INFO - [main.py:31] - adding user: {name}, {email}
2025-04-20 16:46:06,490 - INFO - [main.py:31] - adding user: {name}, {email}
2025-04-20 16:46:06,490 - INFO - [main.py:31] - adding user: {name}, {email}
2025-04-20 16:46:06,490 - INFO - [main.py:31] - adding user: {name}, {email}
2025-04-20 16:46:06,490 - INFO - [main.py:31] - adding user: {name}, {email}
2025-04-20 16:46:06,490 - INFO - [main.py:31] - adding user: {name}, {email}
2025-04-20 16:46:06,490 - INFO - [main.py:31] - adding user: {name}, {email}
2025-04-20 16:46:06,490 - INFO - [main.py:31] - adding user: {name}, {email}
2025-04-20 16:46:06,490 - INFO - [main.py:31] - adding user: {name}, {email}
2025-04-20 16:46:06,490 - INFO - [main.py:31] - adding user: {name}, {email}
2025-04-20 16:46:06,490 - INFO - [main.py:31] - adding user: {name}, {email}
2025-04-20 16:46:06,490 - INFO - [main.py:31] - adding user: {name}, {email}
2025-04-20 16:46:06,490 - INFO - [main.py:31] - adding user: {name}, {email}
2025-04-20 16:46:06,490 - INFO - [main.py:31] - adding user: {name}, {email}
2025-04-20 16:46:06,490 - INFO - [main.py:31] - adding user: {name}, {email}
2025-04-20 16:46:06,491 - INFO - [main.py:31] - adding user: {name}, {email}
2025-04-20 16:46:06,491 - INFO - [main.py:31] - adding user: {name}, {email}
2025-04-20 16:46:06,491 - INFO - [main.py:31] - adding user: {name}, {email}
2025-04-20 16:46:06,491 - INFO - [main.py:31] - adding user: {name}, {email}
2025-04-20 16:46:06,491 - INFO - [main.py:31] - adding user: {name}, {email}
2025-04-20 16:46:06,491 - INFO - [main.py:31] - adding user: {name}, {email}
2025-04-20 16:46:06,491 - INFO - [main.py:31] - adding user: {name}, {email}
2025-04-20 16:46:06,491 - INFO - [main.py:31] - adding user: {name}, {email}
2025-04-20 16:46:06,491 - INFO - [main.py:31] - adding user: {name}, {email}
2025-04-20 16:46:06,491 - INFO - [main.py:31] - adding user: {name}, {email}
2025-04-20 16:46:06,491 - INFO - [main.py:31] - adding user: {name}, {email}
2025-04-20 16:46:06,491 - INFO - [main.py:31] - adding user: {name}, {email}
2025-04-20 16:46:06,491 - INFO - [main.py:31] - adding user: {name}, {email}
2025-04-20 16:46:06,491 - INFO - [main.py:31] - adding user: {name}, {email}
2025-04-20 16:46:06,491 - INFO - [main.py:31] - adding user: {name}, {email}
2025-04-20 16:46:06,491 - INFO - [main.py:31] - adding user: {name}, {email}
2025-04-20 16:46:06,491 - INFO - [main.py:31] - adding user: {name}, {email}
2025-04-20 16:46:06,491 - INFO - [main.py:31] - adding user: {name}, {email}
2025-04-20 16:46:06,491 - INFO - [main.py:31] - adding user: {name}, {email}
2025-04-20 16:46:06,492 - INFO - [main.py:31] - adding user: {name}, {email}
2025-04-20 16:46:06,492 - INFO - [main.py:31] - adding user: {name}, {email}
2025-04-20 16:46:06,492 - INFO - [main.py:31] - adding user: {name}, {email}
2025-04-20 16:46:06,492 - INFO - [main.py:31] - adding user: {name}, {email}
2025-04-20 16:46:06,492 - INFO - [main.py:31] - adding user: {name}, {email}
2025-04-20 16:46:06,492 - INFO - [main.py:31] - adding user: {name}, {email}
2025-04-20 16:46:06,492 - INFO - [main.py:31] - adding user: {name}, {email}
2025-04-20 16:46:06,492 - INFO - [main.py:31] - adding user: {name}, {email}
2025-04-20 16:46:06,492 - INFO - [main.py:31] - adding user: {name}, {email}
2025-04-20 16:46:06,492 - INFO - [main.py:31] - adding user: {name}, {email}
2025-04-20 16:46:06,492 - INFO - [main.py:31] - adding user: {name}, {email}
2025-04-20 16:46:06,492 - INFO - [main.py:31] - adding user: {name}, {email}
2025-04-20 16:46:06,492 - INFO - [main.py:31] - adding user: {name}, {email}
2025-04-20 16:46:06,492 - INFO - [main.py:31] - adding user: {name}, {email}
2025-04-20 16:46:06,492 - INFO - [main.py:31] - adding user: {name}, {email}
2025-04-20 16:46:06,493 - INFO - [main.py:31] - adding user: {name}, {email}
2025-04-20 16:46:06,493 - INFO - [main.py:31] - adding user: {name}, {email}
2025-04-20 16:46:06,493 - INFO - [main.py:31] - adding user: {name}, {email}
2025-04-20 16:46:06,493 - INFO - [main.py:31] - adding user: {name}, {email}
2025-04-20 16:46:06,493 - INFO - [main.py:31] - adding user: {name}, {email}
2025-04-20 16:46:06,493 - INFO - [main.py:31] - adding user: {name}, {email}
2025-04-20 16:46:06,493 - INFO - [main.py:31] - adding user: {name}, {email}
2025-04-20 16:46:06,493 - INFO - [main.py:31] - adding user: {name}, {email}
2025-04-20 16:46:06,493 - INFO - [main.py:31] - adding user: {name}, {email}
2025-04-20 16:46:06,493 - INFO - [main.py:31] - adding user: {name}, {email}
2025-04-20 16:46:06,493 - INFO - [main.py:31] - adding user: {name}, {email}
2025-04-20 16:46:06,493 - INFO - [main.py:31] - adding user: {name}, {email}
2025-04-20 16:46:06,493 - INFO - [main.py:31] - adding user: {name}, {email}
2025-04-20 16:46:06,493 - INFO - [main.py:31] - adding user: {name}, {email}
2025-04-20 16:46:06,493 - INFO - [main.py:31] - adding user: {name}, {email}
2025-04-20 16:46:06,493 - INFO - [main.py:31] - adding user: {name}, {email}
2025-04-20 16:46:06,493 - INFO - [main.py:31] - adding user: {name}, {email}
2025-04-20 16:46:06,493 - INFO - [main.py:31] - adding user: {name}, {email}
2025-04-20 16:46:06,493 - INFO - [main.py:31] - adding user: {name}, {email}
2025-04-20 16:46:06,493 - INFO - [main.py:31] - adding user: {name}, {email}
2025-04-20 16:46:06,494 - INFO - [main.py:31] - adding user: {name}, {email}
2025-04-20 16:46:06,494 - INFO - [main.py:31] - adding user: {name}, {email}
2025-04-20 16:46:06,494 - INFO - [main.py:31] - adding user: {name}, {email}
2025-04-20 16:46:06,494 - INFO - [main.py:31] - adding user: {name}, {email}
2025-04-20 16:46:06,494 - INFO - [main.py:31] - adding user: {name}, {email}
2025-04-20 16:46:06,494 - INFO - [main.py:31] - adding user: {name}, {email}
2025-04-20 16:46:06,494 - INFO - [main.py:31] - adding user: {name}, {email}
2025-04-20 16:46:06,494 - INFO - [main.py:31] - adding user: {name}, {email}
2025-04-20 16:46:06,494 - INFO - [main.py:31] - adding user: {name}, {email}
2025-04-20 16:46:06,494 - INFO - [main.py:31] - adding user: {name}, {email}
2025-04-20 16:46:06,494 - INFO - [main.py:31] - adding user: {name}, {email}
2025-04-20 16:46:06,494 - INFO - [main.py:31] - adding user: {name}, {email}
2025-04-20 16:46:06,494 - INFO - [main.py:31] - adding user: {name}, {email}
2025-04-20 16:46:06,494 - INFO - [main.py:31] - adding user: {name}, {email}
2025-04-20 16:46:06,494 - INFO - [main.py:31] - adding user: {name}, {email}
2025-04-20 16:46:06,494 - INFO - [main.py:31] - adding user: {name}, {email}
2025-04-20 16:46:06,494 - INFO - [main.py:31] - adding user: {name}, {email}
2025-04-20 16:46:06,494 - INFO - [main.py:31] - adding user: {name}, {email}
2025-04-20 16:46:06,494 - INFO - [main.py:31] - adding user: {name}, {email}
2025-04-20 16:46:06,494 - INFO - [main.py:31] - adding user: {name}, {email}
2025-04-20 16:46:06,495 - INFO - [main.py:31] - adding user: {name}, {email}
2025-04-20 16:46:06,495 - INFO - [main.py:31] - adding user: {name}, {email}
2025-04-20 16:46:06,495 - INFO - [main.py:31] - adding user: {name}, {email}
2025-04-20 16:46:06,495 - INFO - [main.py:31] - adding user: {name}, {email}
2025-04-20 16:46:06,495 - INFO - [main.py:31] - adding user: {name}, {email}
2025-04-20 16:46:06,495 - INFO - [main.py:31] - adding user: {name}, {email}
2025-04-20 16:46:06,495 - INFO - [main.py:31] - adding user: {name}, {email}
2025-04-20 16:46:06,495 - INFO - [main.py:31] - adding user: {name}, {email}
2025-04-20 16:46:06,495 - INFO - [main.py:31] - adding user: {name}, {email}
2025-04-20 16:46:06,495 - INFO - [main.py:31] - adding user: {name}, {email}
2025-04-20 16:46:06,495 - INFO - [main.py:31] - adding user: {name}, {email}
2025-04-20 16:46:06,495 - INFO - [main.py:31] - adding user: {name}, {email}
2025-04-20 16:46:06,495 - INFO - [main.py:31] - adding user: {name}, {email}
2025-04-20 16:46:06,495 - INFO - [main.py:31] - adding user: {name}, {email}
2025-04-20 16:46:06,495 - INFO - [main.py:31] - adding user: {name}, {email}
2025-04-20 16:46:06,495 - INFO - [main.py:31] - adding user: {name}, {email}
2025-04-20 16:46:06,495 - INFO - [main.py:31] - adding user: {name}, {email}
2025-04-20 16:46:06,495 - INFO - [main.py:31] - adding user: {name}, {email}
2025-04-20 16:46:06,496 - INFO - [main.py:31] - adding user: {name}, {email}
2025-04-20 16:46:06,496 - INFO - [main.py:31] - adding user: {name}, {email}
2025-04-20 16:46:06,496 - INFO - [main.py:31] - adding user: {name}, {email}
2025-04-20 16:46:06,496 - INFO - [main.py:31] - adding user: {name}, {email}
2025-04-20 16:46:06,496 - INFO - [main.py:31] - adding user: {name}, {email}
2025-04-20 16:46:06,496 - INFO - [main.py:31] - adding user: {name}, {email}
2025-04-20 16:46:06,496 - INFO - [main.py:31] - adding user: {name}, {email}
2025-04-20 16:46:06,496 - INFO - [main.py:31] - adding user: {name}, {email}
2025-04-20 16:46:06,496 - INFO - [main.py:31] - adding user: {name}, {email}
2025-04-20 16:46:06,496 - INFO - [main.py:31] - adding user: {name}, {email}
2025-04-20 16:46:06,496 - INFO - [main.py:31] - adding user: {name}, {email}
2025-04-20 16:46:06,496 - INFO - [main.py:31] - adding user: {name}, {email}
2025-04-20 16:46:06,496 - INFO - [main.py:31] - adding user: {name}, {email}
2025-04-20 16:46:06,496 - INFO - [main.py:31] - adding user: {name}, {email}
2025-04-20 16:46:06,496 - INFO - [main.py:31] - adding user: {name}, {email}
2025-04-20 16:46:06,496 - INFO - [main.py:31] - adding user: {name}, {email}
2025-04-20 16:46:06,497 - INFO - [main.py:31] - adding user: {name}, {email}
2025-04-20 16:46:06,497 - INFO - [main.py:31] - adding user: {name}, {email}
2025-04-20 16:46:06,497 - INFO - [main.py:31] - adding user: {name}, {email}
2025-04-20 16:46:06,497 - INFO - [main.py:31] - adding user: {name}, {email}
2025-04-20 16:46:06,497 - INFO - [main.py:31] - adding user: {name}, {email}
2025-04-20 16:46:06,497 - INFO - [main.py:31] - adding user: {name}, {email}
2025-04-20 16:46:06,498 - INFO - [main.py:31] - adding user: {name}, {email}
2025-04-20 16:46:06,498 - INFO - [main.py:31] - adding user: {name}, {email}
2025-04-20 16:46:06,498 - INFO - [main.py:31] - adding user: {name}, {email}
2025-04-20 16:46:06,498 - INFO - [main.py:31] - adding user: {name}, {email}
2025-04-20 16:46:06,498 - INFO - [main.py:31] - adding user: {name}, {email}
2025-04-20 16:46:06,498 - INFO - [main.py:31] - adding user: {name}, {email}
2025-04-20 16:46:06,498 - INFO - [main.py:31] - adding user: {name}, {email}
2025-04-20 16:46:06,498 - INFO - [main.py:31] - adding user: {name}, {email}
2025-04-20 16:46:06,498 - INFO - [main.py:31] - adding user: {name}, {email}
2025-04-20 16:46:06,498 - INFO - [main.py:31] - adding user: {name}, {email}
2025-04-20 16:46:06,498 - INFO - [main.py:31] - adding user: {name}, {email}
2025-04-20 16:46:06,498 - INFO - [main.py:31] - adding user: {name}, {email}
2025-04-20 16:46:06,498 - INFO - [main.py:31] - adding user: {name}, {email}
2025-04-20 16:46:06,499 - INFO - [main.py:31] - adding user: {name}, {email}
2025-04-20 16:46:06,499 - INFO - [main.py:31] - adding user: {name}, {email}
2025-04-20 16:46:06,499 - INFO - [main.py:31] - adding user: {name}, {email}
2025-04-20 16:46:06,499 - INFO - [main.py:31] - adding user: {name}, {email}
2025-04-20 16:46:06,499 - INFO - [main.py:31] - adding user: {name}, {email}
2025-04-20 16:46:06,499 - INFO - [main.py:31] - adding user: {name}, {email}
2025-04-20 16:46:06,499 - INFO - [main.py:31] - adding user: {name}, {email}
2025-04-20 16:46:06,499 - INFO - [main.py:31] - adding user: {name}, {email}
2025-04-20 16:46:06,499 - INFO - [main.py:31] - adding user: {name}, {email}
2025-04-20 16:46:06,499 - INFO - [main.py:31] - adding user: {name}, {email}
2025-04-20 16:46:06,499 - INFO - [main.py:31] - adding user: {name}, {email}
2025-04-20 16:46:06,499 - INFO - [main.py:31] - adding user: {name}, {email}
2025-04-20 16:46:06,499 - INFO - [main.py:31] - adding user: {name}, {email}
2025-04-20 16:46:06,499 - INFO - [main.py:31] - adding user: {name}, {email}
2025-04-20 16:46:06,499 - INFO - [main.py:31] - adding user: {name}, {email}
2025-04-20 16:46:06,499 - INFO - [main.py:31] - adding user: {name}, {email}
2025-04-20 16:46:06,499 - INFO - [main.py:31] - adding user: {name}, {email}
2025-04-20 16:46:06,499 - INFO - [main.py:31] - adding user: {name}, {email}
2025-04-20 16:46:06,499 - INFO - [main.py:31] - adding user: {name}, {email}
2025-04-20 16:46:06,499 - INFO - [main.py:31] - adding user: {name}, {email}
2025-04-20 16:46:06,499 - INFO - [main.py:31] - adding user: {name}, {email}
2025-04-20 16:46:06,500 - INFO - [main.py:31] - adding user: {name}, {email}
2025-04-20 16:46:06,500 - INFO - [main.py:31] - adding user: {name}, {email}
2025-04-20 16:46:06,500 - INFO - [main.py:31] - adding user: {name}, {email}
2025-04-20 16:46:06,500 - INFO - [main.py:31] - adding user: {name}, {email}
2025-04-20 16:46:06,500 - INFO - [main.py:31] - adding user: {name}, {email}
2025-04-20 16:46:06,500 - INFO - [main.py:31] - adding user: {name}, {email}
2025-04-20 16:46:06,500 - INFO - [main.py:31] - adding user: {name}, {email}
2025-04-20 16:46:06,500 - INFO - [main.py:31] - adding user: {name}, {email}
2025-04-20 16:46:06,500 - INFO - [main.py:31] - adding user: {name}, {email}
2025-04-20 16:46:06,500 - INFO - [main.py:31] - adding user: {name}, {email}
2025-04-20 16:46:06,500 - INFO - [main.py:31] - adding user: {name}, {email}
2025-04-20 16:46:06,500 - INFO - [main.py:31] - adding user: {name}, {email}
2025-04-20 16:46:06,500 - INFO - [main.py:31] - adding user: {name}, {email}
2025-04-20 16:46:06,500 - INFO - [main.py:31] - adding user: {name}, {email}
2025-04-20 16:46:06,500 - INFO - [main.py:31] - adding user: {name}, {email}
2025-04-20 16:46:06,500 - INFO - [main.py:31] - adding user: {name}, {email}
2025-04-20 16:46:06,500 - INFO - [main.py:31] - adding user: {name}, {email}
2025-04-20 16:46:06,500 - INFO - [main.py:31] - adding user: {name}, {email}
2025-04-20 16:46:06,500 - INFO - [main.py:31] - adding user: {name}, {email}
2025-04-20 16:46:06,500 - INFO - [main.py:31] - adding user: {name}, {email}
2025-04-20 16:46:06,501 - INFO - [main.py:31] - adding user: {name}, {email}
2025-04-20 16:46:06,501 - INFO - [main.py:31] - adding user: {name}, {email}
2025-04-20 16:46:06,501 - INFO - [main.py:31] - adding user: {name}, {email}
2025-04-20 16:46:06,501 - INFO - [main.py:31] - adding user: {name}, {email}
2025-04-20 16:46:06,501 - INFO - [main.py:31] - adding user: {name}, {email}
2025-04-20 16:46:06,501 - INFO - [main.py:31] - adding user: {name}, {email}
2025-04-20 16:46:06,501 - INFO - [main.py:31] - adding user: {name}, {email}
2025-04-20 16:46:06,501 - INFO - [main.py:31] - adding user: {name}, {email}
2025-04-20 16:46:06,501 - INFO - [main.py:31] - adding user: {name}, {email}
2025-04-20 16:46:06,501 - INFO - [main.py:31] - adding user: {name}, {email}
2025-04-20 16:46:06,501 - INFO - [main.py:31] - adding user: {name}, {email}
2025-04-20 16:46:06,501 - INFO - [main.py:31] - adding user: {name}, {email}
2025-04-20 16:46:06,501 - INFO - [main.py:31] - adding user: {name}, {email}
2025-04-20 16:46:06,501 - INFO - [main.py:31] - adding user: {name}, {email}
2025-04-20 16:46:06,501 - INFO - [main.py:31] - adding user: {name}, {email}
2025-04-20 16:46:06,501 - INFO - [main.py:31] - adding user: {name}, {email}
2025-04-20 16:46:06,501 - INFO - [main.py:31] - adding user: {name}, {email}
2025-04-20 16:46:06,501 - INFO - [main.py:31] - adding user: {name}, {email}
2025-04-20 16:46:06,501 - INFO - [main.py:31] - adding user: {name}, {email}
2025-04-20 16:46:06,501 - INFO - [main.py:31] - adding user: {name}, {email}
2025-04-20 16:46:06,501 - INFO - [main.py:31] - adding user: {name}, {email}
2025-04-20 16:46:06,501 - INFO - [main.py:31] - adding user: {name}, {email}
2025-04-20 16:46:06,502 - INFO - [main.py:31] - adding user: {name}, {email}
2025-04-20 16:46:06,502 - INFO - [main.py:31] - adding user: {name}, {email}
2025-04-20 16:46:06,502 - INFO - [main.py:31] - adding user: {name}, {email}
2025-04-20 16:46:06,502 - INFO - [main.py:31] - adding user: {name}, {email}
2025-04-20 16:46:06,502 - INFO - [main.py:31] - adding user: {name}, {email}
2025-04-20 16:46:06,502 - INFO - [main.py:31] - adding user: {name}, {email}
2025-04-20 16:46:06,502 - INFO - [main.py:31] - adding user: {name}, {email}
2025-04-20 16:46:06,502 - INFO - [main.py:31] - adding user: {name}, {email}
2025-04-20 16:46:06,502 - INFO - [main.py:31] - adding user: {name}, {email}
2025-04-20 16:46:06,502 - INFO - [main.py:31] - adding user: {name}, {email}
2025-04-20 16:46:06,502 - INFO - [main.py:31] - adding user: {name}, {email}
2025-04-20 16:46:06,502 - INFO - [main.py:31] - adding user: {name}, {email}
2025-04-20 16:46:06,502 - INFO - [main.py:31] - adding user: {name}, {email}
2025-04-20 16:46:06,502 - INFO - [main.py:31] - adding user: {name}, {email}
2025-04-20 16:46:06,502 - INFO - [main.py:31] - adding user: {name}, {email}
2025-04-20 16:46:06,502 - INFO - [main.py:31] - adding user: {name}, {email}
2025-04-20 16:46:06,502 - INFO - [main.py:31] - adding user: {name}, {email}
2025-04-20 16:46:06,502 - INFO - [main.py:31] - adding user: {name}, {email}
2025-04-20 16:46:06,502 - INFO - [main.py:31] - adding user: {name}, {email}
2025-04-20 16:46:06,503 - INFO - [main.py:31] - adding user: {name}, {email}
2025-04-20 16:46:06,503 - INFO - [main.py:31] - adding user: {name}, {email}
2025-04-20 16:46:06,503 - INFO - [main.py:31] - adding user: {name}, {email}
2025-04-20 16:46:06,503 - INFO - [main.py:31] - adding user: {name}, {email}
2025-04-20 16:46:06,503 - INFO - [main.py:31] - adding user: {name}, {email}
2025-04-20 16:46:06,503 - INFO - [main.py:31] - adding user: {name}, {email}
2025-04-20 16:46:06,503 - INFO - [main.py:31] - adding user: {name}, {email}
2025-04-20 16:46:06,503 - INFO - [main.py:31] - adding user: {name}, {email}
2025-04-20 16:46:06,503 - INFO - [main.py:31] - adding user: {name}, {email}
2025-04-20 16:46:06,503 - INFO - [main.py:31] - adding user: {name}, {email}
2025-04-20 16:46:06,503 - INFO - [main.py:31] - adding user: {name}, {email}
2025-04-20 16:46:06,503 - INFO - [main.py:31] - adding user: {name}, {email}
2025-04-20 16:46:06,503 - INFO - [main.py:31] - adding user: {name}, {email}
2025-04-20 16:46:06,503 - INFO - [main.py:31] - adding user: {name}, {email}
2025-04-20 16:46:06,503 - INFO - [main.py:31] - adding user: {name}, {email}
2025-04-20 16:46:06,503 - INFO - [main.py:31] - adding user: {name}, {email}
2025-04-20 16:46:06,503 - INFO - [main.py:31] - adding user: {name}, {email}
2025-04-20 16:46:06,503 - INFO - [main.py:31] - adding user: {name}, {email}
2025-04-20 16:46:06,503 - INFO - [main.py:31] - adding user: {name}, {email}
2025-04-20 16:46:06,503 - INFO - [main.py:31] - adding user: {name}, {email}
2025-04-20 16:46:06,503 - INFO - [main.py:31] - adding user: {name}, {email}
2025-04-20 16:46:06,504 - INFO - [main.py:31] - adding user: {name}, {email}
2025-04-20 16:46:06,504 - INFO - [main.py:31] - adding user: {name}, {email}
2025-04-20 16:46:06,504 - INFO - [main.py:31] - adding user: {name}, {email}
2025-04-20 16:46:06,504 - INFO - [main.py:31] - adding user: {name}, {email}
2025-04-20 16:46:06,504 - INFO - [main.py:31] - adding user: {name}, {email}
2025-04-20 16:46:06,504 - INFO - [main.py:31] - adding user: {name}, {email}
2025-04-20 16:46:06,504 - INFO - [main.py:31] - adding user: {name}, {email}
2025-04-20 16:46:06,504 - INFO - [main.py:31] - adding user: {name}, {email}
2025-04-20 16:46:06,504 - INFO - [main.py:31] - adding user: {name}, {email}
2025-04-20 16:46:06,505 - INFO - [main.py:31] - adding user: {name}, {email}
2025-04-20 16:46:06,505 - INFO - [main.py:31] - adding user: {name}, {email}
2025-04-20 16:46:06,505 - INFO - [main.py:31] - adding user: {name}, {email}
2025-04-20 16:46:06,505 - INFO - [main.py:31] - adding user: {name}, {email}
2025-04-20 16:46:06,505 - INFO - [main.py:31] - adding user: {name}, {email}
2025-04-20 16:46:06,505 - INFO - [main.py:31] - adding user: {name}, {email}
2025-04-20 16:46:06,505 - INFO - [main.py:31] - adding user: {name}, {email}
2025-04-20 16:46:06,505 - INFO - [main.py:31] - adding user: {name}, {email}
2025-04-20 16:46:06,505 - INFO - [main.py:31] - adding user: {name}, {email}
2025-04-20 16:46:06,505 - INFO - [main.py:31] - adding user: {name}, {email}
2025-04-20 16:46:06,505 - INFO - [main.py:31] - adding user: {name}, {email}
2025-04-20 16:46:06,506 - INFO - [main.py:31] - adding user: {name}, {email}
2025-04-20 16:46:06,506 - INFO - [main.py:31] - adding user: {name}, {email}
2025-04-20 16:46:06,506 - INFO - [main.py:31] - adding user: {name}, {email}
2025-04-20 16:46:06,506 - INFO - [main.py:31] - adding user: {name}, {email}
2025-04-20 16:46:06,506 - INFO - [main.py:31] - adding user: {name}, {email}
2025-04-20 16:46:06,506 - INFO - [main.py:31] - adding user: {name}, {email}
2025-04-20 16:46:06,506 - INFO - [main.py:31] - adding user: {name}, {email}
2025-04-20 16:46:06,506 - INFO - [main.py:31] - adding user: {name}, {email}
2025-04-20 16:46:06,506 - INFO - [main.py:31] - adding user: {name}, {email}
2025-04-20 16:46:06,506 - INFO - [main.py:31] - adding user: {name}, {email}
2025-04-20 16:46:06,506 - INFO - [main.py:31] - adding user: {name}, {email}
2025-04-20 16:46:06,506 - INFO - [main.py:31] - adding user: {name}, {email}
2025-04-20 16:46:06,506 - INFO - [main.py:31] - adding user: {name}, {email}
2025-04-20 16:46:06,506 - INFO - [main.py:31] - adding user: {name}, {email}
2025-04-20 16:46:06,506 - INFO - [main.py:31] - adding user: {name}, {email}
2025-04-20 16:46:06,506 - INFO - [main.py:31] - adding user: {name}, {email}
2025-04-20 16:46:06,506 - INFO - [main.py:31] - adding user: {name}, {email}
2025-04-20 16:46:06,506 - INFO - [main.py:31] - adding user: {name}, {email}
2025-04-20 16:46:06,506 - INFO - [main.py:31] - adding user: {name}, {email}
2025-04-20 16:46:06,506 - INFO - [main.py:31] - adding user: {name}, {email}
2025-04-20 16:46:06,506 - INFO - [main.py:31] - adding user: {name}, {email}
2025-04-20 16:46:06,506 - INFO - [main.py:31] - adding user: {name}, {email}
2025-04-20 16:46:06,506 - INFO - [main.py:31] - adding user: {name}, {email}
2025-04-20 16:46:06,507 - INFO - [main.py:31] - adding user: {name}, {email}
2025-04-20 16:46:06,507 - INFO - [main.py:31] - adding user: {name}, {email}
2025-04-20 16:46:06,507 - INFO - [main.py:31] - adding user: {name}, {email}
2025-04-20 16:46:06,507 - INFO - [main.py:31] - adding user: {name}, {email}
2025-04-20 16:46:06,507 - INFO - [main.py:31] - adding user: {name}, {email}
2025-04-20 16:46:06,507 - INFO - [main.py:31] - adding user: {name}, {email}
2025-04-20 16:46:06,507 - INFO - [main.py:31] - adding user: {name}, {email}
2025-04-20 16:46:06,507 - INFO - [main.py:31] - adding user: {name}, {email}
2025-04-20 16:46:06,507 - INFO - [main.py:31] - adding user: {name}, {email}
2025-04-20 16:46:06,507 - INFO - [main.py:31] - adding user: {name}, {email}
2025-04-20 16:46:06,507 - INFO - [main.py:31] - adding user: {name}, {email}
2025-04-20 16:46:06,507 - INFO - [main.py:31] - adding user: {name}, {email}
2025-04-20 16:46:06,507 - INFO - [main.py:31] - adding user: {name}, {email}
2025-04-20 16:46:06,507 - INFO - [main.py:31] - adding user: {name}, {email}
2025-04-20 16:46:06,507 - INFO - [main.py:31] - adding user: {name}, {email}
2025-04-20 16:46:06,507 - INFO - [main.py:31] - adding user: {name}, {email}
2025-04-20 16:46:06,507 - INFO - [main.py:31] - adding user: {name}, {email}
2025-04-20 16:46:06,508 - INFO - [main.py:31] - adding user: {name}, {email}
2025-04-20 16:46:06,508 - INFO - [main.py:31] - adding user: {name}, {email}
2025-04-20 16:46:06,508 - INFO - [main.py:31] - adding user: {name}, {email}
2025-04-20 16:46:06,508 - INFO - [main.py:31] - adding user: {name}, {email}
2025-04-20 16:46:06,508 - INFO - [main.py:31] - adding user: {name}, {email}
2025-04-20 16:46:06,508 - INFO - [main.py:31] - adding user: {name}, {email}
2025-04-20 16:46:06,508 - INFO - [main.py:31] - adding user: {name}, {email}
2025-04-20 16:46:06,508 - INFO - [main.py:31] - adding user: {name}, {email}
2025-04-20 16:46:06,508 - INFO - [main.py:31] - adding user: {name}, {email}
2025-04-20 16:46:06,508 - INFO - [main.py:31] - adding user: {name}, {email}
2025-04-20 16:46:06,508 - INFO - [main.py:31] - adding user: {name}, {email}
2025-04-20 16:46:06,508 - INFO - [main.py:31] - adding user: {name}, {email}
2025-04-20 16:46:06,508 - INFO - [main.py:31] - adding user: {name}, {email}
2025-04-20 16:46:06,508 - INFO - [main.py:31] - adding user: {name}, {email}
2025-04-20 16:46:06,508 - INFO - [main.py:31] - adding user: {name}, {email}
2025-04-20 16:46:06,508 - INFO - [main.py:31] - adding user: {name}, {email}
2025-04-20 16:46:06,508 - INFO - [main.py:31] - adding user: {name}, {email}
2025-04-20 16:46:06,508 - INFO - [main.py:31] - adding user: {name}, {email}
2025-04-20 16:46:06,508 - INFO - [main.py:31] - adding user: {name}, {email}
2025-04-20 16:46:06,508 - INFO - [main.py:31] - adding user: {name}, {email}
2025-04-20 16:46:06,508 - INFO - [main.py:31] - adding user: {name}, {email}
2025-04-20 16:46:06,508 - INFO - [main.py:31] - adding user: {name}, {email}
2025-04-20 16:46:06,509 - INFO - [main.py:31] - adding user: {name}, {email}
2025-04-20 16:46:06,509 - INFO - [main.py:31] - adding user: {name}, {email}
2025-04-20 16:46:06,509 - INFO - [main.py:31] - adding user: {name}, {email}
2025-04-20 16:46:06,509 - INFO - [main.py:31] - adding user: {name}, {email}
2025-04-20 16:46:06,509 - INFO - [main.py:31] - adding user: {name}, {email}
2025-04-20 16:46:06,509 - INFO - [main.py:31] - adding user: {name}, {email}
2025-04-20 16:46:06,509 - INFO - [main.py:31] - adding user: {name}, {email}
2025-04-20 16:46:06,509 - INFO - [main.py:31] - adding user: {name}, {email}
2025-04-20 16:46:06,509 - INFO - [main.py:31] - adding user: {name}, {email}
2025-04-20 16:46:06,509 - INFO - [main.py:31] - adding user: {name}, {email}
2025-04-20 16:46:06,509 - INFO - [main.py:31] - adding user: {name}, {email}
2025-04-20 16:46:06,509 - INFO - [main.py:31] - adding user: {name}, {email}
2025-04-20 16:46:06,509 - INFO - [main.py:31] - adding user: {name}, {email}
2025-04-20 16:46:06,509 - INFO - [main.py:31] - adding user: {name}, {email}
2025-04-20 16:46:06,509 - INFO - [main.py:31] - adding user: {name}, {email}
2025-04-20 16:46:06,509 - INFO - [main.py:31] - adding user: {name}, {email}
2025-04-20 16:46:06,509 - INFO - [main.py:31] - adding user: {name}, {email}
2025-04-20 16:46:06,509 - INFO - [main.py:31] - adding user: {name}, {email}
2025-04-20 16:46:06,509 - INFO - [main.py:31] - adding user: {name}, {email}
2025-04-20 16:46:06,509 - INFO - [main.py:31] - adding user: {name}, {email}
2025-04-20 16:46:06,509 - INFO - [main.py:31] - adding user: {name}, {email}
2025-04-20 16:46:06,509 - INFO - [main.py:31] - adding user: {name}, {email}
2025-04-20 16:46:06,510 - INFO - [main.py:31] - adding user: {name}, {email}
2025-04-20 16:46:06,510 - INFO - [main.py:31] - adding user: {name}, {email}
2025-04-20 16:46:06,510 - INFO - [main.py:31] - adding user: {name}, {email}
2025-04-20 16:46:06,510 - INFO - [main.py:31] - adding user: {name}, {email}
2025-04-20 16:46:06,510 - INFO - [main.py:31] - adding user: {name}, {email}
2025-04-20 16:46:06,510 - INFO - [main.py:31] - adding user: {name}, {email}
2025-04-20 16:46:06,510 - INFO - [main.py:31] - adding user: {name}, {email}
2025-04-20 16:46:06,510 - INFO - [main.py:31] - adding user: {name}, {email}
2025-04-20 16:46:06,510 - INFO - [main.py:31] - adding user: {name}, {email}
2025-04-20 16:46:06,510 - INFO - [main.py:31] - adding user: {name}, {email}
2025-04-20 16:46:06,510 - INFO - [main.py:31] - adding user: {name}, {email}
2025-04-20 16:46:06,510 - INFO - [main.py:31] - adding user: {name}, {email}
2025-04-20 16:46:06,510 - INFO - [main.py:31] - adding user: {name}, {email}
2025-04-20 16:46:06,510 - INFO - [main.py:31] - adding user: {name}, {email}
2025-04-20 16:46:06,510 - INFO - [main.py:31] - adding user: {name}, {email}
2025-04-20 16:46:06,510 - INFO - [main.py:31] - adding user: {name}, {email}
2025-04-20 16:46:06,510 - INFO - [main.py:31] - adding user: {name}, {email}
2025-04-20 16:46:06,510 - INFO - [main.py:31] - adding user: {name}, {email}
2025-04-20 16:46:06,511 - INFO - [main.py:31] - adding user: {name}, {email}
2025-04-20 16:46:06,511 - INFO - [main.py:31] - adding user: {name}, {email}
2025-04-20 16:46:06,511 - INFO - [main.py:31] - adding user: {name}, {email}
2025-04-20 16:46:06,511 - INFO - [main.py:31] - adding user: {name}, {email}
2025-04-20 16:46:06,511 - INFO - [main.py:31] - adding user: {name}, {email}
2025-04-20 16:46:06,511 - INFO - [main.py:31] - adding user: {name}, {email}
2025-04-20 16:46:06,511 - INFO - [main.py:31] - adding user: {name}, {email}
2025-04-20 16:46:06,511 - INFO - [main.py:31] - adding user: {name}, {email}
2025-04-20 16:46:06,511 - INFO - [main.py:31] - adding user: {name}, {email}
2025-04-20 16:46:06,511 - INFO - [main.py:31] - adding user: {name}, {email}
2025-04-20 16:46:06,511 - INFO - [main.py:31] - adding user: {name}, {email}
2025-04-20 16:46:06,511 - INFO - [main.py:31] - adding user: {name}, {email}
2025-04-20 16:46:06,511 - INFO - [main.py:31] - adding user: {name}, {email}
2025-04-20 16:46:06,511 - INFO - [main.py:31] - adding user: {name}, {email}
2025-04-20 16:46:06,512 - INFO - [main.py:31] - adding user: {name}, {email}
2025-04-20 16:46:06,512 - INFO - [main.py:31] - adding user: {name}, {email}
2025-04-20 16:46:06,512 - INFO - [main.py:31] - adding user: {name}, {email}
2025-04-20 16:46:06,512 - INFO - [main.py:31] - adding user: {name}, {email}
2025-04-20 16:46:06,512 - INFO - [main.py:31] - adding user: {name}, {email}
2025-04-20 16:46:06,512 - INFO - [main.py:31] - adding user: {name}, {email}
2025-04-20 16:46:06,512 - INFO - [main.py:31] - adding user: {name}, {email}
2025-04-20 16:46:06,512 - INFO - [main.py:31] - adding user: {name}, {email}
2025-04-20 16:46:06,512 - INFO - [main.py:31] - adding user: {name}, {email}
2025-04-20 16:46:06,512 - INFO - [main.py:31] - adding user: {name}, {email}
2025-04-20 16:46:06,512 - INFO - [main.py:31] - adding user: {name}, {email}
2025-04-20 16:46:06,512 - INFO - [main.py:31] - adding user: {name}, {email}
2025-04-20 16:46:06,512 - INFO - [main.py:31] - adding user: {name}, {email}
2025-04-20 16:46:06,512 - INFO - [main.py:31] - adding user: {name}, {email}
2025-04-20 16:46:06,512 - INFO - [main.py:31] - adding user: {name}, {email}
2025-04-20 16:46:06,513 - INFO - [main.py:31] - adding user: {name}, {email}
2025-04-20 16:46:06,513 - INFO - [main.py:31] - adding user: {name}, {email}
2025-04-20 16:46:06,513 - INFO - [main.py:31] - adding user: {name}, {email}
2025-04-20 16:46:06,513 - INFO - [main.py:31] - adding user: {name}, {email}
2025-04-20 16:46:06,513 - INFO - [main.py:31] - adding user: {name}, {email}
2025-04-20 16:46:06,513 - INFO - [main.py:31] - adding user: {name}, {email}
2025-04-20 16:46:06,513 - INFO - [main.py:31] - adding user: {name}, {email}
2025-04-20 16:46:06,513 - INFO - [main.py:31] - adding user: {name}, {email}
2025-04-20 16:46:06,513 - INFO - [main.py:31] - adding user: {name}, {email}
2025-04-20 16:46:06,513 - INFO - [main.py:31] - adding user: {name}, {email}
2025-04-20 16:46:06,513 - INFO - [main.py:31] - adding user: {name}, {email}
2025-04-20 16:46:06,513 - INFO - [main.py:31] - adding user: {name}, {email}
2025-04-20 16:46:06,513 - INFO - [main.py:31] - adding user: {name}, {email}
2025-04-20 16:46:06,513 - INFO - [main.py:31] - adding user: {name}, {email}
2025-04-20 16:46:06,513 - INFO - [main.py:31] - adding user: {name}, {email}
2025-04-20 16:46:06,513 - INFO - [main.py:31] - adding user: {name}, {email}
2025-04-20 16:46:06,513 - INFO - [main.py:31] - adding user: {name}, {email}
2025-04-20 16:46:06,513 - INFO - [main.py:31] - adding user: {name}, {email}
2025-04-20 16:46:06,513 - INFO - [main.py:31] - adding user: {name}, {email}
2025-04-20 16:46:06,513 - INFO - [main.py:31] - adding user: {name}, {email}
2025-04-20 16:46:06,513 - INFO - [main.py:31] - adding user: {name}, {email}
2025-04-20 16:46:06,513 - INFO - [main.py:31] - adding user: {name}, {email}
2025-04-20 16:46:06,513 - INFO - [main.py:31] - adding user: {name}, {email}
2025-04-20 16:46:06,513 - INFO - [main.py:31] - adding user: {name}, {email}
2025-04-20 16:46:06,514 - INFO - [main.py:31] - adding user: {name}, {email}
2025-04-20 16:46:06,514 - INFO - [main.py:31] - adding user: {name}, {email}
2025-04-20 16:46:06,514 - INFO - [main.py:31] - adding user: {name}, {email}
2025-04-20 16:46:06,514 - INFO - [main.py:31] - adding user: {name}, {email}
2025-04-20 16:46:06,514 - INFO - [main.py:31] - adding user: {name}, {email}
2025-04-20 16:46:06,514 - INFO - [main.py:31] - adding user: {name}, {email}
2025-04-20 16:46:06,514 - INFO - [main.py:31] - adding user: {name}, {email}
2025-04-20 16:46:06,514 - INFO - [main.py:31] - adding user: {name}, {email}
2025-04-20 16:46:06,514 - INFO - [main.py:31] - adding user: {name}, {email}
2025-04-20 16:46:06,514 - INFO - [main.py:31] - adding user: {name}, {email}
2025-04-20 16:46:06,514 - INFO - [main.py:31] - adding user: {name}, {email}
2025-04-20 16:46:06,514 - INFO - [main.py:31] - adding user: {name}, {email}
2025-04-20 16:46:06,514 - INFO - [main.py:31] - adding user: {name}, {email}
2025-04-20 16:46:06,514 - INFO - [main.py:31] - adding user: {name}, {email}
2025-04-20 16:46:06,514 - INFO - [main.py:31] - adding user: {name}, {email}
2025-04-20 16:46:06,514 - INFO - [main.py:31] - adding user: {name}, {email}
2025-04-20 16:46:06,514 - INFO - [main.py:31] - adding user: {name}, {email}
2025-04-20 16:46:06,514 - INFO - [main.py:31] - adding user: {name}, {email}
2025-04-20 16:46:06,514 - INFO - [main.py:31] - adding user: {name}, {email}
2025-04-20 16:46:06,514 - INFO - [main.py:31] - adding user: {name}, {email}
2025-04-20 16:46:06,514 - INFO - [main.py:31] - adding user: {name}, {email}
2025-04-20 16:46:06,514 - INFO - [main.py:31] - adding user: {name}, {email}
2025-04-20 16:46:06,514 - INFO - [main.py:31] - adding user: {name}, {email}
2025-04-20 16:46:06,514 - INFO - [main.py:31] - adding user: {name}, {email}
2025-04-20 16:46:06,515 - INFO - [main.py:31] - adding user: {name}, {email}
2025-04-20 16:46:06,515 - INFO - [main.py:31] - adding user: {name}, {email}
2025-04-20 16:46:06,515 - INFO - [main.py:31] - adding user: {name}, {email}
2025-04-20 16:46:06,515 - INFO - [main.py:31] - adding user: {name}, {email}
2025-04-20 16:46:06,515 - INFO - [main.py:31] - adding user: {name}, {email}
2025-04-20 16:46:06,515 - INFO - [main.py:31] - adding user: {name}, {email}
2025-04-20 16:46:06,515 - INFO - [main.py:31] - adding user: {name}, {email}
2025-04-20 16:46:06,515 - INFO - [main.py:31] - adding user: {name}, {email}
2025-04-20 16:46:06,515 - INFO - [main.py:31] - adding user: {name}, {email}
2025-04-20 16:46:06,515 - INFO - [main.py:31] - adding user: {name}, {email}
2025-04-20 16:46:06,515 - INFO - [main.py:31] - adding user: {name}, {email}
2025-04-20 16:46:06,515 - INFO - [main.py:31] - adding user: {name}, {email}
2025-04-20 16:46:06,515 - INFO - [main.py:31] - adding user: {name}, {email}
2025-04-20 16:46:06,515 - INFO - [main.py:31] - adding user: {name}, {email}
2025-04-20 16:46:06,515 - INFO - [main.py:31] - adding user: {name}, {email}
2025-04-20 16:46:06,515 - INFO - [main.py:31] - adding user: {name}, {email}
2025-04-20 16:46:06,515 - INFO - [main.py:31] - adding user: {name}, {email}
2025-04-20 16:46:06,515 - INFO - [main.py:31] - adding user: {name}, {email}
2025-04-20 16:46:06,515 - INFO - [main.py:31] - adding user: {name}, {email}
2025-04-20 16:46:06,515 - INFO - [main.py:31] - adding user: {name}, {email}
2025-04-20 16:46:06,515 - INFO - [main.py:31] - adding user: {name}, {email}
2025-04-20 16:46:06,515 - INFO - [main.py:31] - adding user: {name}, {email}
2025-04-20 16:46:06,515 - INFO - [main.py:31] - adding user: {name}, {email}
2025-04-20 16:46:06,516 - INFO - [main.py:31] - adding user: {name}, {email}
2025-04-20 16:46:06,516 - INFO - [main.py:31] - adding user: {name}, {email}
2025-04-20 16:46:06,516 - INFO - [main.py:31] - adding user: {name}, {email}
2025-04-20 16:46:06,516 - INFO - [main.py:31] - adding user: {name}, {email}
2025-04-20 16:46:06,516 - INFO - [main.py:31] - adding user: {name}, {email}
2025-04-20 16:46:06,516 - INFO - [main.py:31] - adding user: {name}, {email}
2025-04-20 16:46:06,516 - INFO - [main.py:31] - adding user: {name}, {email}
2025-04-20 16:46:06,516 - INFO - [main.py:31] - adding user: {name}, {email}
2025-04-20 16:46:06,516 - INFO - [main.py:31] - adding user: {name}, {email}
2025-04-20 16:46:06,516 - INFO - [main.py:31] - adding user: {name}, {email}
2025-04-20 16:46:06,516 - INFO - [main.py:31] - adding user: {name}, {email}
2025-04-20 16:46:06,516 - INFO - [main.py:31] - adding user: {name}, {email}
2025-04-20 16:46:06,516 - INFO - [main.py:31] - adding user: {name}, {email}
2025-04-20 16:46:06,516 - INFO - [main.py:31] - adding user: {name}, {email}
2025-04-20 16:46:06,516 - INFO - [main.py:31] - adding user: {name}, {email}
2025-04-20 16:46:06,516 - INFO - [main.py:31] - adding user: {name}, {email}
2025-04-20 16:46:06,516 - INFO - [main.py:31] - adding user: {name}, {email}
2025-04-20 16:46:06,516 - INFO - [main.py:31] - adding user: {name}, {email}
2025-04-20 16:46:06,516 - INFO - [main.py:31] - adding user: {name}, {email}
2025-04-20 16:46:06,516 - INFO - [main.py:31] - adding user: {name}, {email}
2025-04-20 16:46:06,516 - INFO - [main.py:31] - adding user: {name}, {email}
2025-04-20 16:53:07,144 - INFO - [main.py:31] - adding user: {name}, {email}
2025-04-20 16:53:07,171 - INFO - [base.py:1843] - SELECT DATABASE()
2025-04-20 16:53:07,171 - INFO - [base.py:1843] - [raw sql] {}
2025-04-20 16:53:07,172 - INFO - [base.py:1843] - SELECT @@sql_mode
2025-04-20 16:53:07,172 - INFO - [base.py:1843] - [raw sql] {}
2025-04-20 16:53:07,172 - INFO - [base.py:1843] - SELECT @@lower_case_table_names
2025-04-20 16:53:07,172 - INFO - [base.py:1843] - [raw sql] {}
2025-04-20 16:53:07,173 - INFO - [base.py:2699] - BEGIN (implicit)
2025-04-20 16:53:07,175 - INFO - [base.py:1843] - INSERT INTO users (name, email) VALUES (%(name)s, %(email)s)
2025-04-20 16:53:07,175 - INFO - [base.py:1843] - [generated in 0.00017s] {'name': 'xiang', 'email': 'comicator.com'}
2025-04-20 16:53:07,177 - INFO - [base.py:2705] - COMMIT
2025-04-20 16:53:07,182 - INFO - [base.py:2699] - BEGIN (implicit)
2025-04-20 16:53:07,184 - INFO - [base.py:1843] - SELECT users.id AS users_id, users.name AS users_name, users.email AS users_email 
FROM users 
WHERE users.id = %(pk_1)s
2025-04-20 16:53:07,184 - INFO - [base.py:1843] - [generated in 0.00018s] {'pk_1': 6}
2025-04-20 16:53:07,184 - INFO - [base.py:2702] - ROLLBACK
2025-04-21 15:46:47,700 - INFO - [main.py:31] - adding user: {name}, {email}
2025-04-21 15:46:47,711 - INFO - [base.py:1843] - SELECT DATABASE()
2025-04-21 15:46:47,711 - INFO - [base.py:1843] - [raw sql] {}
2025-04-21 15:46:47,712 - INFO - [base.py:1843] - SELECT @@sql_mode
2025-04-21 15:46:47,713 - INFO - [base.py:1843] - [raw sql] {}
2025-04-21 15:46:47,713 - INFO - [base.py:1843] - SELECT @@lower_case_table_names
2025-04-21 15:46:47,713 - INFO - [base.py:1843] - [raw sql] {}
2025-04-21 15:46:47,714 - INFO - [base.py:2699] - BEGIN (implicit)
2025-04-21 15:46:47,715 - INFO - [base.py:1843] - INSERT INTO users (name, email) VALUES (%(name)s, %(email)s)
2025-04-21 15:46:47,715 - INFO - [base.py:1843] - [generated in 0.00017s] {'name': 'tim', 'email': 'horton@gmail.com'}
2025-04-21 15:46:47,719 - INFO - [base.py:2705] - COMMIT
2025-04-21 15:46:47,721 - INFO - [base.py:2699] - BEGIN (implicit)
2025-04-21 15:46:47,723 - INFO - [base.py:1843] - SELECT users.id AS users_id, users.name AS users_name, users.email AS users_email 
FROM users 
WHERE users.id = %(pk_1)s
2025-04-21 15:46:47,723 - INFO - [base.py:1843] - [generated in 0.00018s] {'pk_1': 7}
2025-04-21 15:46:47,724 - INFO - [base.py:2702] - ROLLBACK
2025-04-21 16:11:39,352 - INFO - [main.py:36] - deleting user with email: {email}
2025-04-21 16:11:39,365 - INFO - [base.py:1843] - SELECT DATABASE()
2025-04-21 16:11:39,365 - INFO - [base.py:1843] - [raw sql] {}
2025-04-21 16:11:39,366 - INFO - [base.py:1843] - SELECT @@sql_mode
2025-04-21 16:11:39,366 - INFO - [base.py:1843] - [raw sql] {}
2025-04-21 16:11:39,367 - INFO - [base.py:1843] - SELECT @@lower_case_table_names
2025-04-21 16:11:39,367 - INFO - [base.py:1843] - [raw sql] {}
2025-04-21 16:11:39,368 - INFO - [base.py:2699] - BEGIN (implicit)
2025-04-21 16:11:39,370 - INFO - [base.py:1843] - SELECT users.id AS users_id, users.name AS users_name, users.email AS users_email 
FROM users 
WHERE users.email = %(email_1)s 
 LIMIT %(param_1)s
2025-04-21 16:11:39,370 - INFO - [base.py:1843] - [generated in 0.00018s] {'email_1': 'poop', 'param_1': 1}
2025-04-21 16:11:39,371 - INFO - [base.py:2702] - ROLLBACK
2025-04-21 16:12:14,771 - INFO - [main.py:36] - deleting user with email: {email}
2025-04-21 16:12:14,779 - INFO - [base.py:1843] - SELECT DATABASE()
2025-04-21 16:12:14,779 - INFO - [base.py:1843] - [raw sql] {}
2025-04-21 16:12:14,780 - INFO - [base.py:1843] - SELECT @@sql_mode
2025-04-21 16:12:14,780 - INFO - [base.py:1843] - [raw sql] {}
2025-04-21 16:12:14,780 - INFO - [base.py:1843] - SELECT @@lower_case_table_names
2025-04-21 16:12:14,780 - INFO - [base.py:1843] - [raw sql] {}
2025-04-21 16:12:14,781 - INFO - [base.py:2699] - BEGIN (implicit)
2025-04-21 16:12:14,783 - INFO - [base.py:1843] - SELECT users.id AS users_id, users.name AS users_name, users.email AS users_email 
FROM users 
WHERE users.email = %(email_1)s 
 LIMIT %(param_1)s
2025-04-21 16:12:14,783 - INFO - [base.py:1843] - [generated in 0.00019s] {'email_1': 'poop', 'param_1': 1}
2025-04-21 16:12:14,784 - INFO - [base.py:2702] - ROLLBACK
2025-04-21 16:13:20,719 - INFO - [main.py:36] - deleting user with email: {email}
2025-04-21 16:13:20,726 - INFO - [base.py:1843] - SELECT DATABASE()
2025-04-21 16:13:20,726 - INFO - [base.py:1843] - [raw sql] {}
2025-04-21 16:13:20,727 - INFO - [base.py:1843] - SELECT @@sql_mode
2025-04-21 16:13:20,727 - INFO - [base.py:1843] - [raw sql] {}
2025-04-21 16:13:20,727 - INFO - [base.py:1843] - SELECT @@lower_case_table_names
2025-04-21 16:13:20,728 - INFO - [base.py:1843] - [raw sql] {}
2025-04-21 16:13:20,728 - INFO - [base.py:2699] - BEGIN (implicit)
2025-04-21 16:13:20,730 - INFO - [base.py:1843] - SELECT users.id AS users_id, users.name AS users_name, users.email AS users_email 
FROM users 
WHERE users.email = %(email_1)s 
 LIMIT %(param_1)s
2025-04-21 16:13:20,730 - INFO - [base.py:1843] - [generated in 0.00018s] {'email_1': 'poop', 'param_1': 1}
2025-04-21 16:13:20,731 - INFO - [manage_user.py:77] - No user found with email poop.
2025-04-21 16:13:20,731 - INFO - [base.py:2702] - ROLLBACK
2025-04-21 16:14:02,248 - INFO - [main.py:36] - deleting user with email: {email}
2025-04-21 16:14:02,256 - INFO - [base.py:1843] - SELECT DATABASE()
2025-04-21 16:14:02,256 - INFO - [base.py:1843] - [raw sql] {}
2025-04-21 16:14:02,257 - INFO - [base.py:1843] - SELECT @@sql_mode
2025-04-21 16:14:02,257 - INFO - [base.py:1843] - [raw sql] {}
2025-04-21 16:14:02,257 - INFO - [base.py:1843] - SELECT @@lower_case_table_names
2025-04-21 16:14:02,257 - INFO - [base.py:1843] - [raw sql] {}
2025-04-21 16:14:02,258 - INFO - [base.py:2699] - BEGIN (implicit)
2025-04-21 16:14:02,260 - INFO - [base.py:1843] - SELECT users.id AS users_id, users.name AS users_name, users.email AS users_email 
FROM users 
WHERE users.email = %(email_1)s 
 LIMIT %(param_1)s
2025-04-21 16:14:02,260 - INFO - [base.py:1843] - [generated in 0.00018s] {'email_1': 'poop', 'param_1': 1}
2025-04-21 16:14:02,261 - INFO - [manage_user.py:77] - No user found with email poop.
2025-04-21 16:14:02,261 - INFO - [base.py:2702] - ROLLBACK
2025-04-21 16:14:22,870 - INFO - [main.py:26] - id: {id}
2025-04-21 16:14:22,871 - INFO - [base.py:2699] - BEGIN (implicit)
2025-04-21 16:14:22,872 - INFO - [base.py:1843] - SELECT users.id AS users_id, users.name AS users_name, users.email AS users_email 
FROM users 
WHERE users.id = %(pk_1)s
2025-04-21 16:14:22,873 - INFO - [base.py:1843] - [generated in 0.00019s] {'pk_1': 3}
2025-04-21 16:14:22,889 - INFO - [base.py:2702] - ROLLBACK
2025-04-21 16:15:26,843 - INFO - [main.py:36] - deleting user with email: {email}
2025-04-21 16:15:26,849 - INFO - [base.py:1843] - SELECT DATABASE()
2025-04-21 16:15:26,850 - INFO - [base.py:1843] - [raw sql] {}
2025-04-21 16:15:26,850 - INFO - [base.py:1843] - SELECT @@sql_mode
2025-04-21 16:15:26,850 - INFO - [base.py:1843] - [raw sql] {}
2025-04-21 16:15:26,852 - INFO - [base.py:1843] - SELECT @@lower_case_table_names
2025-04-21 16:15:26,852 - INFO - [base.py:1843] - [raw sql] {}
2025-04-21 16:15:26,852 - INFO - [base.py:2699] - BEGIN (implicit)
2025-04-21 16:15:26,855 - INFO - [base.py:1843] - SELECT users.id AS users_id, users.name AS users_name, users.email AS users_email 
FROM users 
WHERE users.email = %(email_1)s 
 LIMIT %(param_1)s
2025-04-21 16:15:26,855 - INFO - [base.py:1843] - [generated in 0.00019s] {'email_1': 'x.yahoo.com', 'param_1': 1}
2025-04-21 16:15:26,857 - INFO - [base.py:1843] - DELETE FROM users WHERE users.id = %(id)s
2025-04-21 16:15:26,857 - INFO - [base.py:1843] - [generated in 0.00020s] {'id': 5}
2025-04-21 16:15:26,859 - INFO - [base.py:2705] - COMMIT
2025-04-21 16:15:26,861 - INFO - [manage_user.py:74] - User with email x.yahoo.com has been deleted.
